Processing root://cms-xrdr.private.lo:2094//xrd/store/mc/RunIIFall17NanoAODv7/WJetsToLNu_TuneCP5_13TeV-madgraphMLM-pythia8/NANOAODSIM/PU2017_12Apr2018_Nano02Apr2020_EXT_102X_mc2017_realistic_v8-v1/130000/02413D26-3D18-A048-84E7-139DFCC657CA.root...
Have processed 0 events...
Processing root://cms-xrdr.private.lo:2094//xrd/store/mc/RunIIFall17NanoAODv7/WJetsToLNu_TuneCP5_13TeV-madgraphMLM-pythia8/NANOAODSIM/PU2017_12Apr2018_Nano02Apr2020_EXT_102X_mc2017_realistic_v8-v1/130000/0853188A-E009-DD4E-9FE9-26A1E2829A33.root...
Have processed 1271207 events...
Processing root://cms-xrdr.private.lo:2094//xrd/store/mc/RunIIFall17NanoAODv7/WJetsToLNu_TuneCP5_13TeV-madgraphMLM-pythia8/NANOAODSIM/PU2017_12Apr2018_Nano02Apr2020_EXT_102X_mc2017_realistic_v8-v1/130000/1871E598-D7CA-0245-AA9A-9347E30E0E2A.root...
Have processed 3502571 events...
Processing root://cms-xrdr.private.lo:2094//xrd/store/mc/RunIIFall17NanoAODv7/WJetsToLNu_TuneCP5_13TeV-madgraphMLM-pythia8/NANOAODSIM/PU2017_12Apr2018_Nano02Apr2020_EXT_102X_mc2017_realistic_v8-v1/130000/21854B22-EB61-3D4E-8FD8-78437744082C.root...
Have processed 4868013 events...
Processing root://cms-xrdr.private.lo:2094//xrd/store/mc/RunIIFall17NanoAODv7/WJetsToLNu_TuneCP5_13TeV-madgraphMLM-pythia8/NANOAODSIM/PU2017_12Apr2018_Nano02Apr2020_EXT_102X_mc2017_realistic_v8-v1/130000/3087E123-94AF-684B-9C9A-CDF3A31B6ABA.root...
Have processed 7091768 events...
Processing root://cms-xrdr.private.lo:2094//xrd/store/mc/RunIIFall17NanoAODv7/WJetsToLNu_TuneCP5_13TeV-madgraphMLM-pythia8/NANOAODSIM/PU2017_12Apr2018_Nano02Apr2020_EXT_102X_mc2017_realistic_v8-v1/130000/557A8A12-B3AC-D24C-BF64-DB68E2A18108.root...
Have processed 9269360 events...
Processing root://cms-xrdr.private.lo:2094//xrd/store/mc/RunIIFall17NanoAODv7/WJetsToLNu_TuneCP5_13TeV-madgraphMLM-pythia8/NANOAODSIM/PU2017_12Apr2018_Nano02Apr2020_EXT_102X_mc2017_realistic_v8-v1/130000/58BF26F6-1451-854F-8D74-43CB2055B327.root...
Have processed 10128119 events...
Processing root://cms-xrdr.private.lo:2094//xrd/store/mc/RunIIFall17NanoAODv7/WJetsToLNu_TuneCP5_13TeV-madgraphMLM-pythia8/NANOAODSIM/PU2017_12Apr2018_Nano02Apr2020_EXT_102X_mc2017_realistic_v8-v1/130000/6B38714A-57B2-C844-986F-A97096C600B5.root...
Have processed 11503134 events...
Processing root://cms-xrdr.private.lo:2094//xrd/store/mc/RunIIFall17NanoAODv7/WJetsToLNu_TuneCP5_13TeV-madgraphMLM-pythia8/NANOAODSIM/PU2017_12Apr2018_Nano02Apr2020_EXT_102X_mc2017_realistic_v8-v1/130000/7D1FAA4D-77D0-4B45-8B73-C518AFF163EB.root...
Have processed 12041958 events...
Processing root://cms-xrdr.private.lo:2094//xrd/store/mc/RunIIFall17NanoAODv7/WJetsToLNu_TuneCP5_13TeV-madgraphMLM-pythia8/NANOAODSIM/PU2017_12Apr2018_Nano02Apr2020_EXT_102X_mc2017_realistic_v8-v1/130000/87658A88-8DC8-5E40-96BB-8C33BF6B189F.root...
Have processed 14262656 events...
Processing root://cms-xrdr.private.lo:2094//xrd/store/mc/RunIIFall17NanoAODv7/WJetsToLNu_TuneCP5_13TeV-madgraphMLM-pythia8/NANOAODSIM/PU2017_12Apr2018_Nano02Apr2020_EXT_102X_mc2017_realistic_v8-v1/130000/98DA5FA8-B413-B746-AB4D-78D2D2263621.root...
Have processed 15752782 events...
Processing root://cms-xrdr.private.lo:2094//xrd/store/mc/RunIIFall17NanoAODv7/WJetsToLNu_TuneCP5_13TeV-madgraphMLM-pythia8/NANOAODSIM/PU2017_12Apr2018_Nano02Apr2020_EXT_102X_mc2017_realistic_v8-v1/130000/A51E3D97-9DC8-3749-9484-0B19C76C65EF.root...
Have processed 17985102 events...
Processing root://cms-xrdr.private.lo:2094//xrd/store/mc/RunIIFall17NanoAODv7/WJetsToLNu_TuneCP5_13TeV-madgraphMLM-pythia8/NANOAODSIM/PU2017_12Apr2018_Nano02Apr2020_EXT_102X_mc2017_realistic_v8-v1/130000/CB587487-8883-764D-8541-04E288BCB05E.root...
Have processed 20216853 events...
Processing root://cms-xrdr.private.lo:2094//xrd/store/mc/RunIIFall17NanoAODv7/WJetsToLNu_TuneCP5_13TeV-madgraphMLM-pythia8/NANOAODSIM/PU2017_12Apr2018_Nano02Apr2020_EXT_102X_mc2017_realistic_v8-v1/130000/D2F41926-44F4-2546-9479-15D557D6555D.root...
Have processed 21648374 events...
Processing root://cms-xrdr.private.lo:2094//xrd/store/mc/RunIIFall17NanoAODv7/WJetsToLNu_TuneCP5_13TeV-madgraphMLM-pythia8/NANOAODSIM/PU2017_12Apr2018_Nano02Apr2020_EXT_102X_mc2017_realistic_v8-v1/130000/D8C8E78A-ADA6-9B4A-B08A-B502B87E5DCA.root...
Have processed 22909636 events...
Processing root://cms-xrdr.private.lo:2094//xrd/store/mc/RunIIFall17NanoAODv7/WJetsToLNu_TuneCP5_13TeV-madgraphMLM-pythia8/NANOAODSIM/PU2017_12Apr2018_Nano02Apr2020_EXT_102X_mc2017_realistic_v8-v1/130000/D8F750C5-1D15-DF45-86CD-CD8B47ABB992.root...
Have processed 24452416 events...
Processing root://cms-xrdr.private.lo:2094//xrd/store/mc/RunIIFall17NanoAODv7/WJetsToLNu_TuneCP5_13TeV-madgraphMLM-pythia8/NANOAODSIM/PU2017_12Apr2018_Nano02Apr2020_EXT_102X_mc2017_realistic_v8-v1/130000/E1527ED5-FC29-CB4F-9858-39EE981F3D56.root...
Have processed 25768147 events...
Processing root://cms-xrdr.private.lo:2094//xrd/store/mc/RunIIFall17NanoAODv7/WJetsToLNu_TuneCP5_13TeV-madgraphMLM-pythia8/NANOAODSIM/PU2017_12Apr2018_Nano02Apr2020_EXT_102X_mc2017_realistic_v8-v1/130000/FBD2DA5B-554B-004D-87C7-81BF2C4D4363.root...
Have processed 26054761 events...
Have processed 18 files...
Have processed total 27400593 events...
Event number finally passed is 0...
genWeightSum is 2146711.0...
