Processing root://cms-xrdr.private.lo:2094//xrd/store/mc/RunIIFall17NanoAODv7/WJetsToLNu_HT-100To200_TuneCP5_13TeV-madgraphMLM-pythia8/NANOAODSIM/PU2017_12Apr2018_Nano02Apr2020_102X_mc2017_realistic_v8-v1/260000/094D9FB0-D7ED-344C-8DB8-FCA2FD45A475.root...
Have processed 0 events...
Processing root://cms-xrdr.private.lo:2094//xrd/store/mc/RunIIFall17NanoAODv7/WJetsToLNu_HT-100To200_TuneCP5_13TeV-madgraphMLM-pythia8/NANOAODSIM/PU2017_12Apr2018_Nano02Apr2020_102X_mc2017_realistic_v8-v1/260000/17894648-CD58-BA4D-93B2-B721137F4E7A.root...
Have processed 633958 events...
Processing root://cms-xrdr.private.lo:2094//xrd/store/mc/RunIIFall17NanoAODv7/WJetsToLNu_HT-100To200_TuneCP5_13TeV-madgraphMLM-pythia8/NANOAODSIM/PU2017_12Apr2018_Nano02Apr2020_102X_mc2017_realistic_v8-v1/260000/31D47420-5C20-FB48-98E2-535ABB85A15A.root...
Have processed 1705741 events...
Processing root://cms-xrdr.private.lo:2094//xrd/store/mc/RunIIFall17NanoAODv7/WJetsToLNu_HT-100To200_TuneCP5_13TeV-madgraphMLM-pythia8/NANOAODSIM/PU2017_12Apr2018_Nano02Apr2020_102X_mc2017_realistic_v8-v1/260000/48602AE8-086B-4541-9FA8-C1EADA410FB8.root...
Have processed 2367370 events...
Processing root://cms-xrdr.private.lo:2094//xrd/store/mc/RunIIFall17NanoAODv7/WJetsToLNu_HT-100To200_TuneCP5_13TeV-madgraphMLM-pythia8/NANOAODSIM/PU2017_12Apr2018_Nano02Apr2020_102X_mc2017_realistic_v8-v1/260000/56F8CB2B-C73C-E74C-BCD8-3B9DC9240740.root...
Have processed 3240527 events...
Processing root://cms-xrdr.private.lo:2094//xrd/store/mc/RunIIFall17NanoAODv7/WJetsToLNu_HT-100To200_TuneCP5_13TeV-madgraphMLM-pythia8/NANOAODSIM/PU2017_12Apr2018_Nano02Apr2020_102X_mc2017_realistic_v8-v1/260000/778088E2-BDB8-F440-BF79-039AEF0251F7.root...
Have processed 4108237 events...
Processing root://cms-xrdr.private.lo:2094//xrd/store/mc/RunIIFall17NanoAODv7/WJetsToLNu_HT-100To200_TuneCP5_13TeV-madgraphMLM-pythia8/NANOAODSIM/PU2017_12Apr2018_Nano02Apr2020_102X_mc2017_realistic_v8-v1/260000/8A81E088-98AD-584A-85BE-F47B8BD078C6.root...
Have processed 4972282 events...
Processing root://cms-xrdr.private.lo:2094//xrd/store/mc/RunIIFall17NanoAODv7/WJetsToLNu_HT-100To200_TuneCP5_13TeV-madgraphMLM-pythia8/NANOAODSIM/PU2017_12Apr2018_Nano02Apr2020_102X_mc2017_realistic_v8-v1/260000/935FC8C9-3982-D148-96DA-556CE184810A.root...
Have processed 5756487 events...
Processing root://cms-xrdr.private.lo:2094//xrd/store/mc/RunIIFall17NanoAODv7/WJetsToLNu_HT-100To200_TuneCP5_13TeV-madgraphMLM-pythia8/NANOAODSIM/PU2017_12Apr2018_Nano02Apr2020_102X_mc2017_realistic_v8-v1/260000/A6106775-5AC2-474D-B934-FB50B3B22244.root...
Have processed 6673881 events...
Processing root://cms-xrdr.private.lo:2094//xrd/store/mc/RunIIFall17NanoAODv7/WJetsToLNu_HT-100To200_TuneCP5_13TeV-madgraphMLM-pythia8/NANOAODSIM/PU2017_12Apr2018_Nano02Apr2020_102X_mc2017_realistic_v8-v1/260000/B8690741-D48F-1249-9A24-E0D654B3CFC8.root...
Have processed 7825541 events...
Processing root://cms-xrdr.private.lo:2094//xrd/store/mc/RunIIFall17NanoAODv7/WJetsToLNu_HT-100To200_TuneCP5_13TeV-madgraphMLM-pythia8/NANOAODSIM/PU2017_12Apr2018_Nano02Apr2020_102X_mc2017_realistic_v8-v1/260000/D7A557A9-0D5A-E14F-9BC1-01A8E854E0E1.root...
Have processed 8615390 events...
Processing root://cms-xrdr.private.lo:2094//xrd/store/mc/RunIIFall17NanoAODv7/WJetsToLNu_HT-100To200_TuneCP5_13TeV-madgraphMLM-pythia8/NANOAODSIM/PU2017_12Apr2018_Nano02Apr2020_102X_mc2017_realistic_v8-v1/260000/FA353212-E49D-0C4B-A69B-72955DB3B6ED.root...
Have processed 9696030 events...
Have processed 12 files...
Have processed total 10839072 events...
Event number finally passed is 0...
genWeightSum is 1765681.0...
