Processing root://cms-xrdr.private.lo:2094//xrd/store/mc/RunIIFall17NanoAODv7/TTToHadronic_TuneCP5_PSweights_13TeV-powheg-pythia8/NANOAODSIM/PU2017_12Apr2018_Nano02Apr2020_new_pmx_102X_mc2017_realistic_v8-v1/70000/006FDB61-F622-6240-B983-39BFFB3B4EDF.root...
Have processed 0 events...
Processing root://cms-xrdr.private.lo:2094//xrd/store/mc/RunIIFall17NanoAODv7/TTToHadronic_TuneCP5_PSweights_13TeV-powheg-pythia8/NANOAODSIM/PU2017_12Apr2018_Nano02Apr2020_new_pmx_102X_mc2017_realistic_v8-v1/70000/02753D84-0388-124F-894B-627EFC98FA1B.root...
Have processed 1382522 events...
Processing root://cms-xrdr.private.lo:2094//xrd/store/mc/RunIIFall17NanoAODv7/TTToHadronic_TuneCP5_PSweights_13TeV-powheg-pythia8/NANOAODSIM/PU2017_12Apr2018_Nano02Apr2020_new_pmx_102X_mc2017_realistic_v8-v1/70000/09FCF49E-1A8E-1B47-AFD2-E334B2DACF14.root...
Have processed 2300950 events...
Processing root://cms-xrdr.private.lo:2094//xrd/store/mc/RunIIFall17NanoAODv7/TTToHadronic_TuneCP5_PSweights_13TeV-powheg-pythia8/NANOAODSIM/PU2017_12Apr2018_Nano02Apr2020_new_pmx_102X_mc2017_realistic_v8-v1/70000/11096C45-A2B5-624D-84D5-D980F35AA7E3.root...
Have processed 3680108 events...
Processing root://cms-xrdr.private.lo:2094//xrd/store/mc/RunIIFall17NanoAODv7/TTToHadronic_TuneCP5_PSweights_13TeV-powheg-pythia8/NANOAODSIM/PU2017_12Apr2018_Nano02Apr2020_new_pmx_102X_mc2017_realistic_v8-v1/70000/176C6F6D-6AE6-F640-BCEF-D83CA224B19B.root...
Have processed 5060584 events...
Processing root://cms-xrdr.private.lo:2094//xrd/store/mc/RunIIFall17NanoAODv7/TTToHadronic_TuneCP5_PSweights_13TeV-powheg-pythia8/NANOAODSIM/PU2017_12Apr2018_Nano02Apr2020_new_pmx_102X_mc2017_realistic_v8-v1/70000/1BEDDC3C-FAD3-224A-9858-2EE7ECAD27F8.root...
Have processed 6433590 events...
Processing root://cms-xrdr.private.lo:2094//xrd/store/mc/RunIIFall17NanoAODv7/TTToHadronic_TuneCP5_PSweights_13TeV-powheg-pythia8/NANOAODSIM/PU2017_12Apr2018_Nano02Apr2020_new_pmx_102X_mc2017_realistic_v8-v1/70000/1E87E2EB-38ED-3146-AD6B-9EFDDB7AA959.root...
Have processed 7802444 events...
Processing root://cms-xrdr.private.lo:2094//xrd/store/mc/RunIIFall17NanoAODv7/TTToHadronic_TuneCP5_PSweights_13TeV-powheg-pythia8/NANOAODSIM/PU2017_12Apr2018_Nano02Apr2020_new_pmx_102X_mc2017_realistic_v8-v1/70000/22B55D83-4222-F44D-8D69-0FB1CC43A9B6.root...
Have processed 9180390 events...
Processing root://cms-xrdr.private.lo:2094//xrd/store/mc/RunIIFall17NanoAODv7/TTToHadronic_TuneCP5_PSweights_13TeV-powheg-pythia8/NANOAODSIM/PU2017_12Apr2018_Nano02Apr2020_new_pmx_102X_mc2017_realistic_v8-v1/70000/26CAD52D-80DD-8940-A363-D25BBDDF3D5E.root...
Have processed 10090924 events...
Processing root://cms-xrdr.private.lo:2094//xrd/store/mc/RunIIFall17NanoAODv7/TTToHadronic_TuneCP5_PSweights_13TeV-powheg-pythia8/NANOAODSIM/PU2017_12Apr2018_Nano02Apr2020_new_pmx_102X_mc2017_realistic_v8-v1/70000/27C4380E-0581-F14E-B050-EAA4C9C0B8F5.root...
Have processed 11464460 events...
Processing root://cms-xrdr.private.lo:2094//xrd/store/mc/RunIIFall17NanoAODv7/TTToHadronic_TuneCP5_PSweights_13TeV-powheg-pythia8/NANOAODSIM/PU2017_12Apr2018_Nano02Apr2020_new_pmx_102X_mc2017_realistic_v8-v1/70000/3004C750-83FF-B243-A841-5318C0CD22A4.root...
Have processed 12450160 events...
Processing root://cms-xrdr.private.lo:2094//xrd/store/mc/RunIIFall17NanoAODv7/TTToHadronic_TuneCP5_PSweights_13TeV-powheg-pythia8/NANOAODSIM/PU2017_12Apr2018_Nano02Apr2020_new_pmx_102X_mc2017_realistic_v8-v1/70000/306B2D5B-FAA7-1D4D-A918-2798C31D1A3E.root...
Have processed 13831378 events...
Processing root://cms-xrdr.private.lo:2094//xrd/store/mc/RunIIFall17NanoAODv7/TTToHadronic_TuneCP5_PSweights_13TeV-powheg-pythia8/NANOAODSIM/PU2017_12Apr2018_Nano02Apr2020_new_pmx_102X_mc2017_realistic_v8-v1/70000/34207BA8-5FAA-894D-8030-05CAB841E5C4.root...
Have processed 15202974 events...
Processing root://cms-xrdr.private.lo:2094//xrd/store/mc/RunIIFall17NanoAODv7/TTToHadronic_TuneCP5_PSweights_13TeV-powheg-pythia8/NANOAODSIM/PU2017_12Apr2018_Nano02Apr2020_new_pmx_102X_mc2017_realistic_v8-v1/70000/39D04928-0461-6140-B0D0-5978695E1931.root...
Have processed 16577054 events...
Processing root://cms-xrdr.private.lo:2094//xrd/store/mc/RunIIFall17NanoAODv7/TTToHadronic_TuneCP5_PSweights_13TeV-powheg-pythia8/NANOAODSIM/PU2017_12Apr2018_Nano02Apr2020_new_pmx_102X_mc2017_realistic_v8-v1/70000/40324CB1-7AB2-0144-880A-EDE5F17FF98C.root...
Have processed 17957894 events...
Processing root://cms-xrdr.private.lo:2094//xrd/store/mc/RunIIFall17NanoAODv7/TTToHadronic_TuneCP5_PSweights_13TeV-powheg-pythia8/NANOAODSIM/PU2017_12Apr2018_Nano02Apr2020_new_pmx_102X_mc2017_realistic_v8-v1/70000/435301D8-23C1-4244-B90C-7CF017276479.root...
Have processed 18934972 events...
Processing root://cms-xrdr.private.lo:2094//xrd/store/mc/RunIIFall17NanoAODv7/TTToHadronic_TuneCP5_PSweights_13TeV-powheg-pythia8/NANOAODSIM/PU2017_12Apr2018_Nano02Apr2020_new_pmx_102X_mc2017_realistic_v8-v1/70000/446949C3-D196-5548-86A6-6AE760D94E79.root...
Have processed 19853990 events...
Processing root://cms-xrdr.private.lo:2094//xrd/store/mc/RunIIFall17NanoAODv7/TTToHadronic_TuneCP5_PSweights_13TeV-powheg-pythia8/NANOAODSIM/PU2017_12Apr2018_Nano02Apr2020_new_pmx_102X_mc2017_realistic_v8-v1/70000/47249D8D-6506-9642-8B2C-DB0F2AB0F59D.root...
Have processed 21221374 events...
Processing root://cms-xrdr.private.lo:2094//xrd/store/mc/RunIIFall17NanoAODv7/TTToHadronic_TuneCP5_PSweights_13TeV-powheg-pythia8/NANOAODSIM/PU2017_12Apr2018_Nano02Apr2020_new_pmx_102X_mc2017_realistic_v8-v1/70000/483A5176-696E-B64A-B762-6EC598D0EF9E.root...
Have processed 22586500 events...
Processing root://cms-xrdr.private.lo:2094//xrd/store/mc/RunIIFall17NanoAODv7/TTToHadronic_TuneCP5_PSweights_13TeV-powheg-pythia8/NANOAODSIM/PU2017_12Apr2018_Nano02Apr2020_new_pmx_102X_mc2017_realistic_v8-v1/70000/490E07F7-4E57-EF4D-B270-D37E29F051C2.root...
Have processed 23954188 events...
Processing root://cms-xrdr.private.lo:2094//xrd/store/mc/RunIIFall17NanoAODv7/TTToHadronic_TuneCP5_PSweights_13TeV-powheg-pythia8/NANOAODSIM/PU2017_12Apr2018_Nano02Apr2020_new_pmx_102X_mc2017_realistic_v8-v1/70000/4A654A3D-902C-5E4D-B947-ED7BCF47DBAD.root...
Have processed 25326936 events...
Processing root://cms-xrdr.private.lo:2094//xrd/store/mc/RunIIFall17NanoAODv7/TTToHadronic_TuneCP5_PSweights_13TeV-powheg-pythia8/NANOAODSIM/PU2017_12Apr2018_Nano02Apr2020_new_pmx_102X_mc2017_realistic_v8-v1/70000/4E319ED2-B7CE-8648-9DA6-95BA0C1E1F66.root...
Have processed 26704942 events...
Processing root://cms-xrdr.private.lo:2094//xrd/store/mc/RunIIFall17NanoAODv7/TTToHadronic_TuneCP5_PSweights_13TeV-powheg-pythia8/NANOAODSIM/PU2017_12Apr2018_Nano02Apr2020_new_pmx_102X_mc2017_realistic_v8-v1/70000/58AEE3AB-2C23-A24A-A67F-DCB512A2971F.root...
Have processed 28088934 events...
Processing root://cms-xrdr.private.lo:2094//xrd/store/mc/RunIIFall17NanoAODv7/TTToHadronic_TuneCP5_PSweights_13TeV-powheg-pythia8/NANOAODSIM/PU2017_12Apr2018_Nano02Apr2020_new_pmx_102X_mc2017_realistic_v8-v1/70000/5A15CFEB-C82A-E640-8F8B-A1EAB748B2F0.root...
Have processed 29463364 events...
Processing root://cms-xrdr.private.lo:2094//xrd/store/mc/RunIIFall17NanoAODv7/TTToHadronic_TuneCP5_PSweights_13TeV-powheg-pythia8/NANOAODSIM/PU2017_12Apr2018_Nano02Apr2020_new_pmx_102X_mc2017_realistic_v8-v1/70000/5FAA7DB9-5CFD-5440-AED5-ABD8269135D5.root...
Have processed 30843098 events...
Processing root://cms-xrdr.private.lo:2094//xrd/store/mc/RunIIFall17NanoAODv7/TTToHadronic_TuneCP5_PSweights_13TeV-powheg-pythia8/NANOAODSIM/PU2017_12Apr2018_Nano02Apr2020_new_pmx_102X_mc2017_realistic_v8-v1/70000/61E858F8-A0C4-ED48-87FE-90C56FD7DDFA.root...
Have processed 32228422 events...
Processing root://cms-xrdr.private.lo:2094//xrd/store/mc/RunIIFall17NanoAODv7/TTToHadronic_TuneCP5_PSweights_13TeV-powheg-pythia8/NANOAODSIM/PU2017_12Apr2018_Nano02Apr2020_new_pmx_102X_mc2017_realistic_v8-v1/70000/630E1926-8BBD-AE49-8927-CFDEA982913B.root...
Have processed 33594580 events...
Processing root://cms-xrdr.private.lo:2094//xrd/store/mc/RunIIFall17NanoAODv7/TTToHadronic_TuneCP5_PSweights_13TeV-powheg-pythia8/NANOAODSIM/PU2017_12Apr2018_Nano02Apr2020_new_pmx_102X_mc2017_realistic_v8-v1/70000/6313CDB5-7B9C-0B4B-BA12-1D3677A72B38.root...
Have processed 34779226 events...
Processing root://cms-xrdr.private.lo:2094//xrd/store/mc/RunIIFall17NanoAODv7/TTToHadronic_TuneCP5_PSweights_13TeV-powheg-pythia8/NANOAODSIM/PU2017_12Apr2018_Nano02Apr2020_new_pmx_102X_mc2017_realistic_v8-v1/70000/65B207DC-F06D-D746-8D31-E02E02549DDA.root...
Have processed 36163522 events...
Processing root://cms-xrdr.private.lo:2094//xrd/store/mc/RunIIFall17NanoAODv7/TTToHadronic_TuneCP5_PSweights_13TeV-powheg-pythia8/NANOAODSIM/PU2017_12Apr2018_Nano02Apr2020_new_pmx_102X_mc2017_realistic_v8-v1/70000/6729E2D8-E20D-9748-912C-6CDEDEFE3FC2.root...
Have processed 37477302 events...
Processing root://cms-xrdr.private.lo:2094//xrd/store/mc/RunIIFall17NanoAODv7/TTToHadronic_TuneCP5_PSweights_13TeV-powheg-pythia8/NANOAODSIM/PU2017_12Apr2018_Nano02Apr2020_new_pmx_102X_mc2017_realistic_v8-v1/70000/68076C2F-93C2-2846-B3F7-22FCE63F4501.root...
Have processed 38861354 events...
Processing root://cms-xrdr.private.lo:2094//xrd/store/mc/RunIIFall17NanoAODv7/TTToHadronic_TuneCP5_PSweights_13TeV-powheg-pythia8/NANOAODSIM/PU2017_12Apr2018_Nano02Apr2020_new_pmx_102X_mc2017_realistic_v8-v1/70000/6823F974-0F04-194D-91BC-2C4AC69806D3.root...
Have processed 40237360 events...
Processing root://cms-xrdr.private.lo:2094//xrd/store/mc/RunIIFall17NanoAODv7/TTToHadronic_TuneCP5_PSweights_13TeV-powheg-pythia8/NANOAODSIM/PU2017_12Apr2018_Nano02Apr2020_new_pmx_102X_mc2017_realistic_v8-v1/70000/6CB7FFF2-BAB9-5043-963D-462C8DD9A3B1.root...
Have processed 41601790 events...
Processing root://cms-xrdr.private.lo:2094//xrd/store/mc/RunIIFall17NanoAODv7/TTToHadronic_TuneCP5_PSweights_13TeV-powheg-pythia8/NANOAODSIM/PU2017_12Apr2018_Nano02Apr2020_new_pmx_102X_mc2017_realistic_v8-v1/70000/6D1DDD85-5C2C-874B-AD62-886A38353C40.root...
Have processed 42972902 events...
Processing root://cms-xrdr.private.lo:2094//xrd/store/mc/RunIIFall17NanoAODv7/TTToHadronic_TuneCP5_PSweights_13TeV-powheg-pythia8/NANOAODSIM/PU2017_12Apr2018_Nano02Apr2020_new_pmx_102X_mc2017_realistic_v8-v1/70000/6DD6C6CB-9D47-E240-804D-F57922D26049.root...
Have processed 44339148 events...
Processing root://cms-xrdr.private.lo:2094//xrd/store/mc/RunIIFall17NanoAODv7/TTToHadronic_TuneCP5_PSweights_13TeV-powheg-pythia8/NANOAODSIM/PU2017_12Apr2018_Nano02Apr2020_new_pmx_102X_mc2017_realistic_v8-v1/70000/6E3F26EC-DE67-6840-B843-CE5F02D71E67.root...
Have processed 45703896 events...
Processing root://cms-xrdr.private.lo:2094//xrd/store/mc/RunIIFall17NanoAODv7/TTToHadronic_TuneCP5_PSweights_13TeV-powheg-pythia8/NANOAODSIM/PU2017_12Apr2018_Nano02Apr2020_new_pmx_102X_mc2017_realistic_v8-v1/70000/6E51D46A-9653-4E4A-81AF-12FF26D50759.root...
Have processed 47079948 events...
Processing root://cms-xrdr.private.lo:2094//xrd/store/mc/RunIIFall17NanoAODv7/TTToHadronic_TuneCP5_PSweights_13TeV-powheg-pythia8/NANOAODSIM/PU2017_12Apr2018_Nano02Apr2020_new_pmx_102X_mc2017_realistic_v8-v1/70000/70CB0350-FC50-FA48-A9E1-51A2C9E3F154.root...
Have processed 48450908 events...
Processing root://cms-xrdr.private.lo:2094//xrd/store/mc/RunIIFall17NanoAODv7/TTToHadronic_TuneCP5_PSweights_13TeV-powheg-pythia8/NANOAODSIM/PU2017_12Apr2018_Nano02Apr2020_new_pmx_102X_mc2017_realistic_v8-v1/70000/717A1F98-8CB1-7A46-B81B-1DDA6A3DEFA1.root...
Have processed 48508876 events...
Processing root://cms-xrdr.private.lo:2094//xrd/store/mc/RunIIFall17NanoAODv7/TTToHadronic_TuneCP5_PSweights_13TeV-powheg-pythia8/NANOAODSIM/PU2017_12Apr2018_Nano02Apr2020_new_pmx_102X_mc2017_realistic_v8-v1/70000/7979F641-7113-294F-A424-0FFACAD1C7E3.root...
Have processed 49828246 events...
Processing root://cms-xrdr.private.lo:2094//xrd/store/mc/RunIIFall17NanoAODv7/TTToHadronic_TuneCP5_PSweights_13TeV-powheg-pythia8/NANOAODSIM/PU2017_12Apr2018_Nano02Apr2020_new_pmx_102X_mc2017_realistic_v8-v1/70000/7B9A56B0-9A95-744B-8A9C-91401CD8D1A1.root...
Have processed 51212132 events...
Processing root://cms-xrdr.private.lo:2094//xrd/store/mc/RunIIFall17NanoAODv7/TTToHadronic_TuneCP5_PSweights_13TeV-powheg-pythia8/NANOAODSIM/PU2017_12Apr2018_Nano02Apr2020_new_pmx_102X_mc2017_realistic_v8-v1/70000/7BBE8253-DD79-1C43-9098-0E97C106E491.root...
Have processed 52589396 events...
Processing root://cms-xrdr.private.lo:2094//xrd/store/mc/RunIIFall17NanoAODv7/TTToHadronic_TuneCP5_PSweights_13TeV-powheg-pythia8/NANOAODSIM/PU2017_12Apr2018_Nano02Apr2020_new_pmx_102X_mc2017_realistic_v8-v1/70000/7E95853D-D850-964E-B11A-F7A19952B24E.root...
Have processed 53444902 events...
Processing root://cms-xrdr.private.lo:2094//xrd/store/mc/RunIIFall17NanoAODv7/TTToHadronic_TuneCP5_PSweights_13TeV-powheg-pythia8/NANOAODSIM/PU2017_12Apr2018_Nano02Apr2020_new_pmx_102X_mc2017_realistic_v8-v1/70000/85C543AD-761A-6144-B9ED-9733827C1ED0.root...
Have processed 54819272 events...
Processing root://cms-xrdr.private.lo:2094//xrd/store/mc/RunIIFall17NanoAODv7/TTToHadronic_TuneCP5_PSweights_13TeV-powheg-pythia8/NANOAODSIM/PU2017_12Apr2018_Nano02Apr2020_new_pmx_102X_mc2017_realistic_v8-v1/70000/866B46F9-EF57-CC4F-A089-8CA3EED35A6E.root...
Have processed 55776092 events...
Processing root://cms-xrdr.private.lo:2094//xrd/store/mc/RunIIFall17NanoAODv7/TTToHadronic_TuneCP5_PSweights_13TeV-powheg-pythia8/NANOAODSIM/PU2017_12Apr2018_Nano02Apr2020_new_pmx_102X_mc2017_realistic_v8-v1/70000/8B0A87B9-C8B4-B540-9B90-07824E044F33.root...
Have processed 57144748 events...
Processing root://cms-xrdr.private.lo:2094//xrd/store/mc/RunIIFall17NanoAODv7/TTToHadronic_TuneCP5_PSweights_13TeV-powheg-pythia8/NANOAODSIM/PU2017_12Apr2018_Nano02Apr2020_new_pmx_102X_mc2017_realistic_v8-v1/70000/8BCAF89D-6F05-9742-BF5C-89826402BE91.root...
Have processed 57879636 events...
Processing root://cms-xrdr.private.lo:2094//xrd/store/mc/RunIIFall17NanoAODv7/TTToHadronic_TuneCP5_PSweights_13TeV-powheg-pythia8/NANOAODSIM/PU2017_12Apr2018_Nano02Apr2020_new_pmx_102X_mc2017_realistic_v8-v1/70000/8D14EBE8-DEDD-AC46-91D2-4057C89137B6.root...
Have processed 59248126 events...
Processing root://cms-xrdr.private.lo:2094//xrd/store/mc/RunIIFall17NanoAODv7/TTToHadronic_TuneCP5_PSweights_13TeV-powheg-pythia8/NANOAODSIM/PU2017_12Apr2018_Nano02Apr2020_new_pmx_102X_mc2017_realistic_v8-v1/70000/8D7D9366-D707-114D-836D-22D843FB1E72.root...
Have processed 60615132 events...
Processing root://cms-xrdr.private.lo:2094//xrd/store/mc/RunIIFall17NanoAODv7/TTToHadronic_TuneCP5_PSweights_13TeV-powheg-pythia8/NANOAODSIM/PU2017_12Apr2018_Nano02Apr2020_new_pmx_102X_mc2017_realistic_v8-v1/70000/8F453F8D-B22C-3A40-956F-B2F596665011.root...
Have processed 61764948 events...
Processing root://cms-xrdr.private.lo:2094//xrd/store/mc/RunIIFall17NanoAODv7/TTToHadronic_TuneCP5_PSweights_13TeV-powheg-pythia8/NANOAODSIM/PU2017_12Apr2018_Nano02Apr2020_new_pmx_102X_mc2017_realistic_v8-v1/70000/9110C892-B48A-C948-9802-EF7A420CF038.root...
Have processed 63135742 events...
Processing root://cms-xrdr.private.lo:2094//xrd/store/mc/RunIIFall17NanoAODv7/TTToHadronic_TuneCP5_PSweights_13TeV-powheg-pythia8/NANOAODSIM/PU2017_12Apr2018_Nano02Apr2020_new_pmx_102X_mc2017_realistic_v8-v1/70000/928E0DC7-EEA1-4746-A24D-4F235561760E.root...
Have processed 64505066 events...
Processing root://cms-xrdr.private.lo:2094//xrd/store/mc/RunIIFall17NanoAODv7/TTToHadronic_TuneCP5_PSweights_13TeV-powheg-pythia8/NANOAODSIM/PU2017_12Apr2018_Nano02Apr2020_new_pmx_102X_mc2017_realistic_v8-v1/70000/93A43711-C3F7-0549-AFF4-777DA2F7655B.root...
Have processed 65815998 events...
Processing root://cms-xrdr.private.lo:2094//xrd/store/mc/RunIIFall17NanoAODv7/TTToHadronic_TuneCP5_PSweights_13TeV-powheg-pythia8/NANOAODSIM/PU2017_12Apr2018_Nano02Apr2020_new_pmx_102X_mc2017_realistic_v8-v1/70000/9A5BBF01-64FF-9043-8A74-E91D0DF61F6B.root...
Have processed 67192248 events...
Processing root://cms-xrdr.private.lo:2094//xrd/store/mc/RunIIFall17NanoAODv7/TTToHadronic_TuneCP5_PSweights_13TeV-powheg-pythia8/NANOAODSIM/PU2017_12Apr2018_Nano02Apr2020_new_pmx_102X_mc2017_realistic_v8-v1/70000/9BAAB4F6-EDE8-D341-BBBE-56B91DCD4D3C.root...
Have processed 68563360 events...
Processing root://cms-xrdr.private.lo:2094//xrd/store/mc/RunIIFall17NanoAODv7/TTToHadronic_TuneCP5_PSweights_13TeV-powheg-pythia8/NANOAODSIM/PU2017_12Apr2018_Nano02Apr2020_new_pmx_102X_mc2017_realistic_v8-v1/70000/9F1C3A6D-FB18-7445-8EA9-728AF703AA3B.root...
Have processed 69938016 events...
Processing root://cms-xrdr.private.lo:2094//xrd/store/mc/RunIIFall17NanoAODv7/TTToHadronic_TuneCP5_PSweights_13TeV-powheg-pythia8/NANOAODSIM/PU2017_12Apr2018_Nano02Apr2020_new_pmx_102X_mc2017_realistic_v8-v1/70000/9F7B3246-B3BB-C242-BA3A-D454007B6582.root...
Have processed 71317054 events...
Processing root://cms-xrdr.private.lo:2094//xrd/store/mc/RunIIFall17NanoAODv7/TTToHadronic_TuneCP5_PSweights_13TeV-powheg-pythia8/NANOAODSIM/PU2017_12Apr2018_Nano02Apr2020_new_pmx_102X_mc2017_realistic_v8-v1/70000/9F821497-575F-3B41-9EBA-9349A75B5D03.root...
Have processed 72690332 events...
Processing root://cms-xrdr.private.lo:2094//xrd/store/mc/RunIIFall17NanoAODv7/TTToHadronic_TuneCP5_PSweights_13TeV-powheg-pythia8/NANOAODSIM/PU2017_12Apr2018_Nano02Apr2020_new_pmx_102X_mc2017_realistic_v8-v1/70000/9FD1E0E0-B6C6-724D-B69A-8FA43164446C.root...
Have processed 74064398 events...
Processing root://cms-xrdr.private.lo:2094//xrd/store/mc/RunIIFall17NanoAODv7/TTToHadronic_TuneCP5_PSweights_13TeV-powheg-pythia8/NANOAODSIM/PU2017_12Apr2018_Nano02Apr2020_new_pmx_102X_mc2017_realistic_v8-v1/70000/A23A29E1-20EF-EB4C-8746-B7687998285D.root...
Have processed 74867890 events...
Processing root://cms-xrdr.private.lo:2094//xrd/store/mc/RunIIFall17NanoAODv7/TTToHadronic_TuneCP5_PSweights_13TeV-powheg-pythia8/NANOAODSIM/PU2017_12Apr2018_Nano02Apr2020_new_pmx_102X_mc2017_realistic_v8-v1/70000/A46908FA-A6E7-764C-BC5E-73BD0E22B53A.root...
Have processed 76081872 events...
Processing root://cms-xrdr.private.lo:2094//xrd/store/mc/RunIIFall17NanoAODv7/TTToHadronic_TuneCP5_PSweights_13TeV-powheg-pythia8/NANOAODSIM/PU2017_12Apr2018_Nano02Apr2020_new_pmx_102X_mc2017_realistic_v8-v1/70000/A513A12A-4B87-7B4A-829A-85E5460D3FC3.root...
Have processed 76886198 events...
Processing root://cms-xrdr.private.lo:2094//xrd/store/mc/RunIIFall17NanoAODv7/TTToHadronic_TuneCP5_PSweights_13TeV-powheg-pythia8/NANOAODSIM/PU2017_12Apr2018_Nano02Apr2020_new_pmx_102X_mc2017_realistic_v8-v1/70000/AD1ACD9F-C810-7F45-87CE-52227D117F15.root...
Have processed 77796414 events...
Processing root://cms-xrdr.private.lo:2094//xrd/store/mc/RunIIFall17NanoAODv7/TTToHadronic_TuneCP5_PSweights_13TeV-powheg-pythia8/NANOAODSIM/PU2017_12Apr2018_Nano02Apr2020_new_pmx_102X_mc2017_realistic_v8-v1/70000/ADB5E022-9DD4-3E4A-8E1E-5A48765EEC43.root...
Have processed 79174632 events...
Processing root://cms-xrdr.private.lo:2094//xrd/store/mc/RunIIFall17NanoAODv7/TTToHadronic_TuneCP5_PSweights_13TeV-powheg-pythia8/NANOAODSIM/PU2017_12Apr2018_Nano02Apr2020_new_pmx_102X_mc2017_realistic_v8-v1/70000/AE55973B-1279-8846-A1AC-E39372267A90.root...
Have processed 79869446 events...
Processing root://cms-xrdr.private.lo:2094//xrd/store/mc/RunIIFall17NanoAODv7/TTToHadronic_TuneCP5_PSweights_13TeV-powheg-pythia8/NANOAODSIM/PU2017_12Apr2018_Nano02Apr2020_new_pmx_102X_mc2017_realistic_v8-v1/70000/B066C677-34A1-5E4F-8778-E985E6D14103.root...
Have processed 81242428 events...
Processing root://cms-xrdr.private.lo:2094//xrd/store/mc/RunIIFall17NanoAODv7/TTToHadronic_TuneCP5_PSweights_13TeV-powheg-pythia8/NANOAODSIM/PU2017_12Apr2018_Nano02Apr2020_new_pmx_102X_mc2017_realistic_v8-v1/70000/B2DFCD64-194C-DD4A-ACE3-F8D67CED0417.root...
Have processed 82610282 events...
Processing root://cms-xrdr.private.lo:2094//xrd/store/mc/RunIIFall17NanoAODv7/TTToHadronic_TuneCP5_PSweights_13TeV-powheg-pythia8/NANOAODSIM/PU2017_12Apr2018_Nano02Apr2020_new_pmx_102X_mc2017_realistic_v8-v1/70000/B367A4CA-2197-5F45-B4A6-4AC9FC3072EF.root...
Have processed 83520922 events...
Processing root://cms-xrdr.private.lo:2094//xrd/store/mc/RunIIFall17NanoAODv7/TTToHadronic_TuneCP5_PSweights_13TeV-powheg-pythia8/NANOAODSIM/PU2017_12Apr2018_Nano02Apr2020_new_pmx_102X_mc2017_realistic_v8-v1/70000/B4082A91-36A4-594A-A669-8D827BD48F8D.root...
Have processed 84328930 events...
Processing root://cms-xrdr.private.lo:2094//xrd/store/mc/RunIIFall17NanoAODv7/TTToHadronic_TuneCP5_PSweights_13TeV-powheg-pythia8/NANOAODSIM/PU2017_12Apr2018_Nano02Apr2020_new_pmx_102X_mc2017_realistic_v8-v1/70000/B4D8E549-F33B-EF4A-804F-872441E5CDDB.root...
Have processed 85693950 events...
Processing root://cms-xrdr.private.lo:2094//xrd/store/mc/RunIIFall17NanoAODv7/TTToHadronic_TuneCP5_PSweights_13TeV-powheg-pythia8/NANOAODSIM/PU2017_12Apr2018_Nano02Apr2020_new_pmx_102X_mc2017_realistic_v8-v1/70000/B510A38F-737F-2144-A59D-3F04F0020649.root...
Have processed 86542046 events...
Processing root://cms-xrdr.private.lo:2094//xrd/store/mc/RunIIFall17NanoAODv7/TTToHadronic_TuneCP5_PSweights_13TeV-powheg-pythia8/NANOAODSIM/PU2017_12Apr2018_Nano02Apr2020_new_pmx_102X_mc2017_realistic_v8-v1/70000/B54556BC-028E-164F-B95D-ADF3C596D34C.root...
Have processed 87917582 events...
Processing root://cms-xrdr.private.lo:2094//xrd/store/mc/RunIIFall17NanoAODv7/TTToHadronic_TuneCP5_PSweights_13TeV-powheg-pythia8/NANOAODSIM/PU2017_12Apr2018_Nano02Apr2020_new_pmx_102X_mc2017_realistic_v8-v1/70000/BC29278D-4B7C-0A4A-A63A-38D494812D28.root...
Have processed 89302528 events...
Processing root://cms-xrdr.private.lo:2094//xrd/store/mc/RunIIFall17NanoAODv7/TTToHadronic_TuneCP5_PSweights_13TeV-powheg-pythia8/NANOAODSIM/PU2017_12Apr2018_Nano02Apr2020_new_pmx_102X_mc2017_realistic_v8-v1/70000/BF898142-7B2B-CC48-8B91-CF940FB10C1D.root...
Have processed 90663276 events...
Processing root://cms-xrdr.private.lo:2094//xrd/store/mc/RunIIFall17NanoAODv7/TTToHadronic_TuneCP5_PSweights_13TeV-powheg-pythia8/NANOAODSIM/PU2017_12Apr2018_Nano02Apr2020_new_pmx_102X_mc2017_realistic_v8-v1/70000/BFD2EBB0-413F-CE49-90B6-9942D0D42008.root...
Have processed 92038070 events...
Processing root://cms-xrdr.private.lo:2094//xrd/store/mc/RunIIFall17NanoAODv7/TTToHadronic_TuneCP5_PSweights_13TeV-powheg-pythia8/NANOAODSIM/PU2017_12Apr2018_Nano02Apr2020_new_pmx_102X_mc2017_realistic_v8-v1/70000/C4EC1C09-7333-DD4C-9A82-70A5175ABA69.root...
Have processed 93419878 events...
Processing root://cms-xrdr.private.lo:2094//xrd/store/mc/RunIIFall17NanoAODv7/TTToHadronic_TuneCP5_PSweights_13TeV-powheg-pythia8/NANOAODSIM/PU2017_12Apr2018_Nano02Apr2020_new_pmx_102X_mc2017_realistic_v8-v1/70000/C568E194-BBCD-8741-B95E-BBF216CE0DD8.root...
Have processed 94792746 events...
Processing root://cms-xrdr.private.lo:2094//xrd/store/mc/RunIIFall17NanoAODv7/TTToHadronic_TuneCP5_PSweights_13TeV-powheg-pythia8/NANOAODSIM/PU2017_12Apr2018_Nano02Apr2020_new_pmx_102X_mc2017_realistic_v8-v1/70000/C60C2F70-F268-2342-AF8F-9670CD2935D6.root...
Have processed 96169342 events...
Processing root://cms-xrdr.private.lo:2094//xrd/store/mc/RunIIFall17NanoAODv7/TTToHadronic_TuneCP5_PSweights_13TeV-powheg-pythia8/NANOAODSIM/PU2017_12Apr2018_Nano02Apr2020_new_pmx_102X_mc2017_realistic_v8-v1/70000/CAFD1B53-E217-C648-92BC-2F91E0A158A2.root...
Have processed 97535408 events...
Processing root://cms-xrdr.private.lo:2094//xrd/store/mc/RunIIFall17NanoAODv7/TTToHadronic_TuneCP5_PSweights_13TeV-powheg-pythia8/NANOAODSIM/PU2017_12Apr2018_Nano02Apr2020_new_pmx_102X_mc2017_realistic_v8-v1/70000/CB0D26FA-7A06-3E4A-B009-CC3321D34BEC.root...
Have processed 98740510 events...
Processing root://cms-xrdr.private.lo:2094//xrd/store/mc/RunIIFall17NanoAODv7/TTToHadronic_TuneCP5_PSweights_13TeV-powheg-pythia8/NANOAODSIM/PU2017_12Apr2018_Nano02Apr2020_new_pmx_102X_mc2017_realistic_v8-v1/70000/CBF587EC-86F5-5E4F-852F-4242E52A7650.root...
Have processed 100114424 events...
Processing root://cms-xrdr.private.lo:2094//xrd/store/mc/RunIIFall17NanoAODv7/TTToHadronic_TuneCP5_PSweights_13TeV-powheg-pythia8/NANOAODSIM/PU2017_12Apr2018_Nano02Apr2020_new_pmx_102X_mc2017_realistic_v8-v1/70000/CBFF13E6-1E62-104C-A72E-12B5695819DE.root...
Have processed 101266770 events...
Processing root://cms-xrdr.private.lo:2094//xrd/store/mc/RunIIFall17NanoAODv7/TTToHadronic_TuneCP5_PSweights_13TeV-powheg-pythia8/NANOAODSIM/PU2017_12Apr2018_Nano02Apr2020_new_pmx_102X_mc2017_realistic_v8-v1/70000/CD76D0C9-BE1F-7046-83D6-92932D04573B.root...
Have processed 102638988 events...
Processing root://cms-xrdr.private.lo:2094//xrd/store/mc/RunIIFall17NanoAODv7/TTToHadronic_TuneCP5_PSweights_13TeV-powheg-pythia8/NANOAODSIM/PU2017_12Apr2018_Nano02Apr2020_new_pmx_102X_mc2017_realistic_v8-v1/70000/CE365754-5EAD-3E4C-951D-DEEFCC28790F.root...
Have processed 104013690 events...
Processing root://cms-xrdr.private.lo:2094//xrd/store/mc/RunIIFall17NanoAODv7/TTToHadronic_TuneCP5_PSweights_13TeV-powheg-pythia8/NANOAODSIM/PU2017_12Apr2018_Nano02Apr2020_new_pmx_102X_mc2017_realistic_v8-v1/70000/D04D675F-031D-F74F-AFB5-957423F694AD.root...
Have processed 104923058 events...
Processing root://cms-xrdr.private.lo:2094//xrd/store/mc/RunIIFall17NanoAODv7/TTToHadronic_TuneCP5_PSweights_13TeV-powheg-pythia8/NANOAODSIM/PU2017_12Apr2018_Nano02Apr2020_new_pmx_102X_mc2017_realistic_v8-v1/70000/D1A6BB44-5803-C44F-A6EB-A39985DB4916.root...
Have processed 105950044 events...
Processing root://cms-xrdr.private.lo:2094//xrd/store/mc/RunIIFall17NanoAODv7/TTToHadronic_TuneCP5_PSweights_13TeV-powheg-pythia8/NANOAODSIM/PU2017_12Apr2018_Nano02Apr2020_new_pmx_102X_mc2017_realistic_v8-v1/70000/D35C7ACD-62FD-8F4B-AA3D-1911298EB05F.root...
Have processed 107329944 events...
Processing root://cms-xrdr.private.lo:2094//xrd/store/mc/RunIIFall17NanoAODv7/TTToHadronic_TuneCP5_PSweights_13TeV-powheg-pythia8/NANOAODSIM/PU2017_12Apr2018_Nano02Apr2020_new_pmx_102X_mc2017_realistic_v8-v1/70000/DAD835FC-E008-8A44-9452-0443265319F1.root...
Have processed 108655844 events...
Processing root://cms-xrdr.private.lo:2094//xrd/store/mc/RunIIFall17NanoAODv7/TTToHadronic_TuneCP5_PSweights_13TeV-powheg-pythia8/NANOAODSIM/PU2017_12Apr2018_Nano02Apr2020_new_pmx_102X_mc2017_realistic_v8-v1/70000/DF11A233-619E-D94C-AD0D-87283D33BB79.root...
Have processed 110029532 events...
Processing root://cms-xrdr.private.lo:2094//xrd/store/mc/RunIIFall17NanoAODv7/TTToHadronic_TuneCP5_PSweights_13TeV-powheg-pythia8/NANOAODSIM/PU2017_12Apr2018_Nano02Apr2020_new_pmx_102X_mc2017_realistic_v8-v1/70000/DFBA9386-6D6C-9347-86F7-A4B2D2C52389.root...
Have processed 111288344 events...
Processing root://cms-xrdr.private.lo:2094//xrd/store/mc/RunIIFall17NanoAODv7/TTToHadronic_TuneCP5_PSweights_13TeV-powheg-pythia8/NANOAODSIM/PU2017_12Apr2018_Nano02Apr2020_new_pmx_102X_mc2017_realistic_v8-v1/70000/DFEF4589-F986-ED41-8F7D-B2676F002844.root...
Have processed 112670562 events...
Processing root://cms-xrdr.private.lo:2094//xrd/store/mc/RunIIFall17NanoAODv7/TTToHadronic_TuneCP5_PSweights_13TeV-powheg-pythia8/NANOAODSIM/PU2017_12Apr2018_Nano02Apr2020_new_pmx_102X_mc2017_realistic_v8-v1/70000/E04A8CEA-E490-0042-B34F-03F76C80CAF7.root...
Have processed 114042144 events...
Processing root://cms-xrdr.private.lo:2094//xrd/store/mc/RunIIFall17NanoAODv7/TTToHadronic_TuneCP5_PSweights_13TeV-powheg-pythia8/NANOAODSIM/PU2017_12Apr2018_Nano02Apr2020_new_pmx_102X_mc2017_realistic_v8-v1/70000/E29B5552-D39E-464C-9DBD-98909B8CAE6E.root...
Have processed 115070614 events...
Processing root://cms-xrdr.private.lo:2094//xrd/store/mc/RunIIFall17NanoAODv7/TTToHadronic_TuneCP5_PSweights_13TeV-powheg-pythia8/NANOAODSIM/PU2017_12Apr2018_Nano02Apr2020_new_pmx_102X_mc2017_realistic_v8-v1/70000/E2F1F1A6-F6F0-584C-B16D-9359F44DF6FF.root...
Have processed 116440044 events...
Processing root://cms-xrdr.private.lo:2094//xrd/store/mc/RunIIFall17NanoAODv7/TTToHadronic_TuneCP5_PSweights_13TeV-powheg-pythia8/NANOAODSIM/PU2017_12Apr2018_Nano02Apr2020_new_pmx_102X_mc2017_realistic_v8-v1/70000/E31BACDB-7A1E-5742-B0EC-89355862D15E.root...
Have processed 117819096 events...
Processing root://cms-xrdr.private.lo:2094//xrd/store/mc/RunIIFall17NanoAODv7/TTToHadronic_TuneCP5_PSweights_13TeV-powheg-pythia8/NANOAODSIM/PU2017_12Apr2018_Nano02Apr2020_new_pmx_102X_mc2017_realistic_v8-v1/70000/E934451D-F0BC-2742-A678-54907860BF2B.root...
Have processed 119201194 events...
Processing root://cms-xrdr.private.lo:2094//xrd/store/mc/RunIIFall17NanoAODv7/TTToHadronic_TuneCP5_PSweights_13TeV-powheg-pythia8/NANOAODSIM/PU2017_12Apr2018_Nano02Apr2020_new_pmx_102X_mc2017_realistic_v8-v1/70000/EAEFCF6D-CF78-9843-9AF5-4D6D7986EF0D.root...
Have processed 120564882 events...
Processing root://cms-xrdr.private.lo:2094//xrd/store/mc/RunIIFall17NanoAODv7/TTToHadronic_TuneCP5_PSweights_13TeV-powheg-pythia8/NANOAODSIM/PU2017_12Apr2018_Nano02Apr2020_new_pmx_102X_mc2017_realistic_v8-v1/70000/EC2FFB03-173D-A444-B37B-A6D5264FF7B1.root...
Have processed 121941252 events...
Processing root://cms-xrdr.private.lo:2094//xrd/store/mc/RunIIFall17NanoAODv7/TTToHadronic_TuneCP5_PSweights_13TeV-powheg-pythia8/NANOAODSIM/PU2017_12Apr2018_Nano02Apr2020_new_pmx_102X_mc2017_realistic_v8-v1/70000/EEE1F7E5-EB0E-9E43-9D49-066CA7E8423D.root...
Have processed 123318258 events...
Processing root://cms-xrdr.private.lo:2094//xrd/store/mc/RunIIFall17NanoAODv7/TTToHadronic_TuneCP5_PSweights_13TeV-powheg-pythia8/NANOAODSIM/PU2017_12Apr2018_Nano02Apr2020_new_pmx_102X_mc2017_realistic_v8-v1/70000/EF298BC0-1BDD-834B-9D54-865370715EEF.root...
Have processed 124696204 events...
Processing root://cms-xrdr.private.lo:2094//xrd/store/mc/RunIIFall17NanoAODv7/TTToHadronic_TuneCP5_PSweights_13TeV-powheg-pythia8/NANOAODSIM/PU2017_12Apr2018_Nano02Apr2020_new_pmx_102X_mc2017_realistic_v8-v1/70000/F3F65290-56D2-3440-AE18-F1FD8D885C51.root...
Have processed 126071620 events...
Processing root://cms-xrdr.private.lo:2094//xrd/store/mc/RunIIFall17NanoAODv7/TTToHadronic_TuneCP5_PSweights_13TeV-powheg-pythia8/NANOAODSIM/PU2017_12Apr2018_Nano02Apr2020_new_pmx_102X_mc2017_realistic_v8-v1/70000/FC68D0D9-EE62-3B4B-AFEE-7ACC1384F252.root...
Have processed 127452838 events...
Have processed 102 files...
Have processed total 128829950 events...
Event number finally passed is 0...
genWeightSum is 286476544.453...
