Processing root://cms-xrdr.private.lo:2094//xrd/store/mc/RunIIFall17NanoAODv7/DYJetsToLL_2J_TuneCP5_13TeV-amcatnloFXFX-pythia8/NANOAODSIM/PU2017_12Apr2018_Nano02Apr2020_102X_mc2017_realistic_v8-v1/100000/01544E09-B5B9-634E-87EA-E02B6F965360.root...
Have processed 0 events...
Processing root://cms-xrdr.private.lo:2094//xrd/store/mc/RunIIFall17NanoAODv7/DYJetsToLL_2J_TuneCP5_13TeV-amcatnloFXFX-pythia8/NANOAODSIM/PU2017_12Apr2018_Nano02Apr2020_102X_mc2017_realistic_v8-v1/100000/0BAF6DBC-250F-F246-9C30-25F84217EAF4.root...
Have processed 568066 events...
Processing root://cms-xrdr.private.lo:2094//xrd/store/mc/RunIIFall17NanoAODv7/DYJetsToLL_2J_TuneCP5_13TeV-amcatnloFXFX-pythia8/NANOAODSIM/PU2017_12Apr2018_Nano02Apr2020_102X_mc2017_realistic_v8-v1/100000/29F96E00-0B23-B34B-8AC0-31B0A75041F5.root...
Have processed 600585 events...
Processing root://cms-xrdr.private.lo:2094//xrd/store/mc/RunIIFall17NanoAODv7/DYJetsToLL_2J_TuneCP5_13TeV-amcatnloFXFX-pythia8/NANOAODSIM/PU2017_12Apr2018_Nano02Apr2020_102X_mc2017_realistic_v8-v1/100000/2B0725A6-FB85-B146-B651-534A0DCCC625.root...
Have processed 621906 events...
Processing root://cms-xrdr.private.lo:2094//xrd/store/mc/RunIIFall17NanoAODv7/DYJetsToLL_2J_TuneCP5_13TeV-amcatnloFXFX-pythia8/NANOAODSIM/PU2017_12Apr2018_Nano02Apr2020_102X_mc2017_realistic_v8-v1/100000/2B1EFB10-7366-A648-B74D-7983A9F3FE2C.root...
Have processed 1074419 events...
Processing root://cms-xrdr.private.lo:2094//xrd/store/mc/RunIIFall17NanoAODv7/DYJetsToLL_2J_TuneCP5_13TeV-amcatnloFXFX-pythia8/NANOAODSIM/PU2017_12Apr2018_Nano02Apr2020_102X_mc2017_realistic_v8-v1/100000/373D09B7-22F2-FE44-8B3A-24A5E5EEB1BA.root...
Have processed 1933252 events...
Processing root://cms-xrdr.private.lo:2094//xrd/store/mc/RunIIFall17NanoAODv7/DYJetsToLL_2J_TuneCP5_13TeV-amcatnloFXFX-pythia8/NANOAODSIM/PU2017_12Apr2018_Nano02Apr2020_102X_mc2017_realistic_v8-v1/100000/3F295EB5-99CE-7340-AC23-26B4B9C56A9A.root...
Have processed 2784188 events...
Processing root://cms-xrdr.private.lo:2094//xrd/store/mc/RunIIFall17NanoAODv7/DYJetsToLL_2J_TuneCP5_13TeV-amcatnloFXFX-pythia8/NANOAODSIM/PU2017_12Apr2018_Nano02Apr2020_102X_mc2017_realistic_v8-v1/100000/72D4E0B3-9028-BE44-99C6-3575BA25C9B6.root...
Have processed 3011113 events...
Processing root://cms-xrdr.private.lo:2094//xrd/store/mc/RunIIFall17NanoAODv7/DYJetsToLL_2J_TuneCP5_13TeV-amcatnloFXFX-pythia8/NANOAODSIM/PU2017_12Apr2018_Nano02Apr2020_102X_mc2017_realistic_v8-v1/100000/7A86F014-F4BE-204D-B850-3CA6CAA65717.root...
Have processed 3067729 events...
Processing root://cms-xrdr.private.lo:2094//xrd/store/mc/RunIIFall17NanoAODv7/DYJetsToLL_2J_TuneCP5_13TeV-amcatnloFXFX-pythia8/NANOAODSIM/PU2017_12Apr2018_Nano02Apr2020_102X_mc2017_realistic_v8-v1/100000/98F0019B-F00E-7B4A-B540-5D1174D61BB7.root...
Have processed 3921273 events...
Processing root://cms-xrdr.private.lo:2094//xrd/store/mc/RunIIFall17NanoAODv7/DYJetsToLL_2J_TuneCP5_13TeV-amcatnloFXFX-pythia8/NANOAODSIM/PU2017_12Apr2018_Nano02Apr2020_102X_mc2017_realistic_v8-v1/100000/B1890F2B-F78A-BA45-ADD6-F0BA3811054E.root...
Have processed 4432593 events...
Processing root://cms-xrdr.private.lo:2094//xrd/store/mc/RunIIFall17NanoAODv7/DYJetsToLL_2J_TuneCP5_13TeV-amcatnloFXFX-pythia8/NANOAODSIM/PU2017_12Apr2018_Nano02Apr2020_102X_mc2017_realistic_v8-v1/100000/E7B75540-E25E-C94C-BC4C-75E344F15175.root...
Have processed 4602719 events...
Have processed 12 files...
Have processed total 5282250 events...
Event number finally passed is 0...
genWeightSum is 3582950848.77...
