Processing root://cms-xrdr.private.lo:2094//xrd/store/mc/RunIIFall17NanoAODv7/DYJetsToLL_2J_TuneCP5_13TeV-amcatnloFXFX-pythia8/NANOAODSIM/PU2017_12Apr2018_Nano02Apr2020_102X_mc2017_realistic_v8-v1/260000/0C556E44-20B6-E04A-8C5D-42021AA9E142.root...
Have processed 0 events...
Processing root://cms-xrdr.private.lo:2094//xrd/store/mc/RunIIFall17NanoAODv7/DYJetsToLL_2J_TuneCP5_13TeV-amcatnloFXFX-pythia8/NANOAODSIM/PU2017_12Apr2018_Nano02Apr2020_102X_mc2017_realistic_v8-v1/260000/3D671580-D128-BE46-B964-D252551E54DE.root...
Have processed 35912 events...
Processing root://cms-xrdr.private.lo:2094//xrd/store/mc/RunIIFall17NanoAODv7/DYJetsToLL_2J_TuneCP5_13TeV-amcatnloFXFX-pythia8/NANOAODSIM/PU2017_12Apr2018_Nano02Apr2020_102X_mc2017_realistic_v8-v1/260000/58C2D666-54EF-174D-9A1F-5AD8986529BA.root...
Have processed 62875 events...
Processing root://cms-xrdr.private.lo:2094//xrd/store/mc/RunIIFall17NanoAODv7/DYJetsToLL_2J_TuneCP5_13TeV-amcatnloFXFX-pythia8/NANOAODSIM/PU2017_12Apr2018_Nano02Apr2020_102X_mc2017_realistic_v8-v1/260000/60CAF13B-04F6-9D4C-BF3E-615DCAF404E8.root...
Have processed 1596628 events...
Processing root://cms-xrdr.private.lo:2094//xrd/store/mc/RunIIFall17NanoAODv7/DYJetsToLL_2J_TuneCP5_13TeV-amcatnloFXFX-pythia8/NANOAODSIM/PU2017_12Apr2018_Nano02Apr2020_102X_mc2017_realistic_v8-v1/260000/65572169-29E7-5E43-8D6C-DF56CB59CE48.root...
Have processed 1622223 events...
Processing root://cms-xrdr.private.lo:2094//xrd/store/mc/RunIIFall17NanoAODv7/DYJetsToLL_2J_TuneCP5_13TeV-amcatnloFXFX-pythia8/NANOAODSIM/PU2017_12Apr2018_Nano02Apr2020_102X_mc2017_realistic_v8-v1/260000/68D87D4D-4F49-6240-BEEF-EB02AEBB288B.root...
Have processed 1647743 events...
Processing root://cms-xrdr.private.lo:2094//xrd/store/mc/RunIIFall17NanoAODv7/DYJetsToLL_2J_TuneCP5_13TeV-amcatnloFXFX-pythia8/NANOAODSIM/PU2017_12Apr2018_Nano02Apr2020_102X_mc2017_realistic_v8-v1/260000/69F1200D-BB5F-714F-BCCB-CE18D2E7F2F5.root...
Have processed 1681763 events...
Processing root://cms-xrdr.private.lo:2094//xrd/store/mc/RunIIFall17NanoAODv7/DYJetsToLL_2J_TuneCP5_13TeV-amcatnloFXFX-pythia8/NANOAODSIM/PU2017_12Apr2018_Nano02Apr2020_102X_mc2017_realistic_v8-v1/260000/FF18730B-C062-AC4D-85EB-E8D5D1F899A9.root...
Have processed 1738487 events...
Have processed 8 files...
Have processed total 2411624 events...
Event number finally passed is 0...
genWeightSum is 1638487805.62...
