Processing root://cms-xrdr.private.lo:2094//xrd/store/mc/RunIIFall17NanoAODv7/DYJetsToLL_2J_TuneCP5_13TeV-amcatnloFXFX-pythia8/NANOAODSIM/PU2017_12Apr2018_Nano02Apr2020_102X_mc2017_realistic_v8-v1/120000/0CA6A2B8-13A4-2B40-A204-C113B1B3AE62.root...
Have processed 0 events...
Processing root://cms-xrdr.private.lo:2094//xrd/store/mc/RunIIFall17NanoAODv7/DYJetsToLL_2J_TuneCP5_13TeV-amcatnloFXFX-pythia8/NANOAODSIM/PU2017_12Apr2018_Nano02Apr2020_102X_mc2017_realistic_v8-v1/120000/2767803B-E6DD-974D-8C53-EA48B09CDA98.root...
Have processed 1313452 events...
Processing root://cms-xrdr.private.lo:2094//xrd/store/mc/RunIIFall17NanoAODv7/DYJetsToLL_2J_TuneCP5_13TeV-amcatnloFXFX-pythia8/NANOAODSIM/PU2017_12Apr2018_Nano02Apr2020_102X_mc2017_realistic_v8-v1/120000/378E2491-A957-834A-AF51-FF03DABD3E57.root...
Have processed 1653327 events...
Processing root://cms-xrdr.private.lo:2094//xrd/store/mc/RunIIFall17NanoAODv7/DYJetsToLL_2J_TuneCP5_13TeV-amcatnloFXFX-pythia8/NANOAODSIM/PU2017_12Apr2018_Nano02Apr2020_102X_mc2017_realistic_v8-v1/120000/4F5C3B18-16F7-7D4C-AE63-15C07B17E141.root...
Have processed 2556179 events...
Processing root://cms-xrdr.private.lo:2094//xrd/store/mc/RunIIFall17NanoAODv7/DYJetsToLL_2J_TuneCP5_13TeV-amcatnloFXFX-pythia8/NANOAODSIM/PU2017_12Apr2018_Nano02Apr2020_102X_mc2017_realistic_v8-v1/120000/63C8BA28-3B91-3E48-98AF-D9A6A6DFEB30.root...
Have processed 2791866 events...
Processing root://cms-xrdr.private.lo:2094//xrd/store/mc/RunIIFall17NanoAODv7/DYJetsToLL_2J_TuneCP5_13TeV-amcatnloFXFX-pythia8/NANOAODSIM/PU2017_12Apr2018_Nano02Apr2020_102X_mc2017_realistic_v8-v1/120000/66889BBF-B3CF-1E42-BB71-13CCD4153D84.root...
Have processed 3431262 events...
Processing root://cms-xrdr.private.lo:2094//xrd/store/mc/RunIIFall17NanoAODv7/DYJetsToLL_2J_TuneCP5_13TeV-amcatnloFXFX-pythia8/NANOAODSIM/PU2017_12Apr2018_Nano02Apr2020_102X_mc2017_realistic_v8-v1/120000/80C07533-B018-CA45-87D1-778C558DC27B.root...
Have processed 5020990 events...
Processing root://cms-xrdr.private.lo:2094//xrd/store/mc/RunIIFall17NanoAODv7/DYJetsToLL_2J_TuneCP5_13TeV-amcatnloFXFX-pythia8/NANOAODSIM/PU2017_12Apr2018_Nano02Apr2020_102X_mc2017_realistic_v8-v1/120000/9EC12B5A-B079-5F41-8E36-917081FB34CF.root...
Have processed 5513128 events...
Processing root://cms-xrdr.private.lo:2094//xrd/store/mc/RunIIFall17NanoAODv7/DYJetsToLL_2J_TuneCP5_13TeV-amcatnloFXFX-pythia8/NANOAODSIM/PU2017_12Apr2018_Nano02Apr2020_102X_mc2017_realistic_v8-v1/120000/B8476B4F-5753-1F43-91B7-3E4E7D34E6C6.root...
Have processed 5684010 events...
Processing root://cms-xrdr.private.lo:2094//xrd/store/mc/RunIIFall17NanoAODv7/DYJetsToLL_2J_TuneCP5_13TeV-amcatnloFXFX-pythia8/NANOAODSIM/PU2017_12Apr2018_Nano02Apr2020_102X_mc2017_realistic_v8-v1/120000/C10D95F1-6FD2-AC4F-8814-92BBFEF17037.root...
Have processed 5741272 events...
Have processed 10 files...
Have processed total 6592509 events...
Event number finally passed is 0...
genWeightSum is 4484280588.05...
