Processing root://cms-xrdr.private.lo:2094//xrd/store/mc/RunIIFall17NanoAODv7/DYJetsToLL_M-50_TuneCP5_13TeV-amcatnloFXFX-pythia8/NANOAODSIM/PU2017_12Apr2018_Nano02Apr2020_new_pmx_102X_mc2017_realistic_v8-v1/130000/03874067-38A5-B042-8FD9-A52AFCB1D7AC.root...
Have processed 0 events...
Processing root://cms-xrdr.private.lo:2094//xrd/store/mc/RunIIFall17NanoAODv7/DYJetsToLL_M-50_TuneCP5_13TeV-amcatnloFXFX-pythia8/NANOAODSIM/PU2017_12Apr2018_Nano02Apr2020_new_pmx_102X_mc2017_realistic_v8-v1/130000/1B7A0938-12E3-F84D-A57D-B03DA963551A.root...
Have processed 228997 events...
Processing root://cms-xrdr.private.lo:2094//xrd/store/mc/RunIIFall17NanoAODv7/DYJetsToLL_M-50_TuneCP5_13TeV-amcatnloFXFX-pythia8/NANOAODSIM/PU2017_12Apr2018_Nano02Apr2020_new_pmx_102X_mc2017_realistic_v8-v1/130000/20E0F694-25AD-E143-8C4B-5407605035B4.root...
Have processed 1199158 events...
Processing root://cms-xrdr.private.lo:2094//xrd/store/mc/RunIIFall17NanoAODv7/DYJetsToLL_M-50_TuneCP5_13TeV-amcatnloFXFX-pythia8/NANOAODSIM/PU2017_12Apr2018_Nano02Apr2020_new_pmx_102X_mc2017_realistic_v8-v1/130000/4E9552BD-C181-8A43-A742-C8174062D159.root...
Have processed 1484391 events...
Processing root://cms-xrdr.private.lo:2094//xrd/store/mc/RunIIFall17NanoAODv7/DYJetsToLL_M-50_TuneCP5_13TeV-amcatnloFXFX-pythia8/NANOAODSIM/PU2017_12Apr2018_Nano02Apr2020_new_pmx_102X_mc2017_realistic_v8-v1/130000/5C701AB8-9DDD-7B40-BD90-D3B261A59F22.root...
Have processed 1541225 events...
Processing root://cms-xrdr.private.lo:2094//xrd/store/mc/RunIIFall17NanoAODv7/DYJetsToLL_M-50_TuneCP5_13TeV-amcatnloFXFX-pythia8/NANOAODSIM/PU2017_12Apr2018_Nano02Apr2020_new_pmx_102X_mc2017_realistic_v8-v1/130000/73B50F6A-9E25-8142-B6D0-9B54861566B5.root...
Have processed 1598446 events...
Processing root://cms-xrdr.private.lo:2094//xrd/store/mc/RunIIFall17NanoAODv7/DYJetsToLL_M-50_TuneCP5_13TeV-amcatnloFXFX-pythia8/NANOAODSIM/PU2017_12Apr2018_Nano02Apr2020_new_pmx_102X_mc2017_realistic_v8-v1/130000/975FF603-3B60-6D42-B8FB-D0E96DA277F2.root...
Have processed 2745920 events...
Processing root://cms-xrdr.private.lo:2094//xrd/store/mc/RunIIFall17NanoAODv7/DYJetsToLL_M-50_TuneCP5_13TeV-amcatnloFXFX-pythia8/NANOAODSIM/PU2017_12Apr2018_Nano02Apr2020_new_pmx_102X_mc2017_realistic_v8-v1/130000/BEF5E572-DEFE-C64A-B6F9-0F329E255792.root...
Have processed 2763363 events...
Processing root://cms-xrdr.private.lo:2094//xrd/store/mc/RunIIFall17NanoAODv7/DYJetsToLL_M-50_TuneCP5_13TeV-amcatnloFXFX-pythia8/NANOAODSIM/PU2017_12Apr2018_Nano02Apr2020_new_pmx_102X_mc2017_realistic_v8-v1/130000/D942AEAD-490D-2349-9FB1-C0A16B11E69E.root...
Have processed 2821660 events...
Processing root://cms-xrdr.private.lo:2094//xrd/store/mc/RunIIFall17NanoAODv7/DYJetsToLL_M-50_TuneCP5_13TeV-amcatnloFXFX-pythia8/NANOAODSIM/PU2017_12Apr2018_Nano02Apr2020_new_pmx_102X_mc2017_realistic_v8-v1/130000/E73F1BD8-3A3D-6F47-BA5E-3A23AFA1945C.root...
Have processed 2882136 events...
Processing root://cms-xrdr.private.lo:2094//xrd/store/mc/RunIIFall17NanoAODv7/DYJetsToLL_M-50_TuneCP5_13TeV-amcatnloFXFX-pythia8/NANOAODSIM/PU2017_12Apr2018_Nano02Apr2020_new_pmx_102X_mc2017_realistic_v8-v1/130000/EC8970E5-EB7D-8F47-9131-5E657A729944.root...
Have processed 3224118 events...
Processing root://cms-xrdr.private.lo:2094//xrd/store/mc/RunIIFall17NanoAODv7/DYJetsToLL_M-50_TuneCP5_13TeV-amcatnloFXFX-pythia8/NANOAODSIM/PU2017_12Apr2018_Nano02Apr2020_new_pmx_102X_mc2017_realistic_v8-v1/130000/EFA0528F-89A9-BD49-B8A8-D972BE696BCD.root...
Have processed 3311909 events...
Have processed 12 files...
Have processed total 3369076 events...
Event number finally passed is 0...
genWeightSum is 9383939804.83...
