Processing root://cms-xrdr.private.lo:2094//xrd/store/mc/RunIIFall17NanoAODv7/WJetsToLNu_HT-400To600_TuneCP5_13TeV-madgraphMLM-pythia8/NANOAODSIM/PU2017_12Apr2018_Nano02Apr2020_102X_mc2017_realistic_v8-v1/70000/0592E680-1246-744A-A5E3-FFE00D2F32CC.root...
Have processed 0 events...
Processing root://cms-xrdr.private.lo:2094//xrd/store/mc/RunIIFall17NanoAODv7/WJetsToLNu_HT-400To600_TuneCP5_13TeV-madgraphMLM-pythia8/NANOAODSIM/PU2017_12Apr2018_Nano02Apr2020_102X_mc2017_realistic_v8-v1/70000/0DA28ABF-E950-2D4F-A53E-672420531915.root...
Have processed 530570 events...
Processing root://cms-xrdr.private.lo:2094//xrd/store/mc/RunIIFall17NanoAODv7/WJetsToLNu_HT-400To600_TuneCP5_13TeV-madgraphMLM-pythia8/NANOAODSIM/PU2017_12Apr2018_Nano02Apr2020_102X_mc2017_realistic_v8-v1/70000/104B3176-CF15-6C4A-BBC6-EEA5B20AB67C.root...
Have processed 1279005 events...
Processing root://cms-xrdr.private.lo:2094//xrd/store/mc/RunIIFall17NanoAODv7/WJetsToLNu_HT-400To600_TuneCP5_13TeV-madgraphMLM-pythia8/NANOAODSIM/PU2017_12Apr2018_Nano02Apr2020_102X_mc2017_realistic_v8-v1/70000/11769EB7-5401-8C45-8243-BC8775D195DB.root...
Have processed 2528421 events...
Processing root://cms-xrdr.private.lo:2094//xrd/store/mc/RunIIFall17NanoAODv7/WJetsToLNu_HT-400To600_TuneCP5_13TeV-madgraphMLM-pythia8/NANOAODSIM/PU2017_12Apr2018_Nano02Apr2020_102X_mc2017_realistic_v8-v1/70000/49880A53-B141-054D-AC99-A2682BA75F93.root...
Have processed 3068093 events...
Processing root://cms-xrdr.private.lo:2094//xrd/store/mc/RunIIFall17NanoAODv7/WJetsToLNu_HT-400To600_TuneCP5_13TeV-madgraphMLM-pythia8/NANOAODSIM/PU2017_12Apr2018_Nano02Apr2020_102X_mc2017_realistic_v8-v1/70000/67CB9FF5-66A2-1249-B958-CBA3656A18E9.root...
Have processed 3793803 events...
Processing root://cms-xrdr.private.lo:2094//xrd/store/mc/RunIIFall17NanoAODv7/WJetsToLNu_HT-400To600_TuneCP5_13TeV-madgraphMLM-pythia8/NANOAODSIM/PU2017_12Apr2018_Nano02Apr2020_102X_mc2017_realistic_v8-v1/70000/7DA3F0F6-0284-9F4E-B9EB-B80C9C09A2B7.root...
Have processed 4898027 events...
Processing root://cms-xrdr.private.lo:2094//xrd/store/mc/RunIIFall17NanoAODv7/WJetsToLNu_HT-400To600_TuneCP5_13TeV-madgraphMLM-pythia8/NANOAODSIM/PU2017_12Apr2018_Nano02Apr2020_102X_mc2017_realistic_v8-v1/70000/947F7044-2FE4-924B-A602-9ED073A7F307.root...
Have processed 5760538 events...
Processing root://cms-xrdr.private.lo:2094//xrd/store/mc/RunIIFall17NanoAODv7/WJetsToLNu_HT-400To600_TuneCP5_13TeV-madgraphMLM-pythia8/NANOAODSIM/PU2017_12Apr2018_Nano02Apr2020_102X_mc2017_realistic_v8-v1/70000/9F0B478E-388C-024C-9F1B-8D21ADCAE1E5.root...
Have processed 5875895 events...
Processing root://cms-xrdr.private.lo:2094//xrd/store/mc/RunIIFall17NanoAODv7/WJetsToLNu_HT-400To600_TuneCP5_13TeV-madgraphMLM-pythia8/NANOAODSIM/PU2017_12Apr2018_Nano02Apr2020_102X_mc2017_realistic_v8-v1/70000/AB24526A-8564-4142-9BB3-58C7B230D04D.root...
Have processed 7314662 events...
Processing root://cms-xrdr.private.lo:2094//xrd/store/mc/RunIIFall17NanoAODv7/WJetsToLNu_HT-400To600_TuneCP5_13TeV-madgraphMLM-pythia8/NANOAODSIM/PU2017_12Apr2018_Nano02Apr2020_102X_mc2017_realistic_v8-v1/70000/B05E993B-0CAC-4E44-AA8F-67B8D8DBA877.root...
Have processed 8294704 events...
Processing root://cms-xrdr.private.lo:2094//xrd/store/mc/RunIIFall17NanoAODv7/WJetsToLNu_HT-400To600_TuneCP5_13TeV-madgraphMLM-pythia8/NANOAODSIM/PU2017_12Apr2018_Nano02Apr2020_102X_mc2017_realistic_v8-v1/70000/C3E861CC-760F-2947-9208-B9A8E3F027DD.root...
Have processed 9728184 events...
Processing root://cms-xrdr.private.lo:2094//xrd/store/mc/RunIIFall17NanoAODv7/WJetsToLNu_HT-400To600_TuneCP5_13TeV-madgraphMLM-pythia8/NANOAODSIM/PU2017_12Apr2018_Nano02Apr2020_102X_mc2017_realistic_v8-v1/70000/DBDBF7E0-6665-2B49-B272-AF99A0F5A1FF.root...
Have processed 10879764 events...
Processing root://cms-xrdr.private.lo:2094//xrd/store/mc/RunIIFall17NanoAODv7/WJetsToLNu_HT-400To600_TuneCP5_13TeV-madgraphMLM-pythia8/NANOAODSIM/PU2017_12Apr2018_Nano02Apr2020_102X_mc2017_realistic_v8-v1/70000/E3EFF92A-B353-DC4A-BF76-E55A50CE7EE7.root...
Have processed 11614060 events...
Processing root://cms-xrdr.private.lo:2094//xrd/store/mc/RunIIFall17NanoAODv7/WJetsToLNu_HT-400To600_TuneCP5_13TeV-madgraphMLM-pythia8/NANOAODSIM/PU2017_12Apr2018_Nano02Apr2020_102X_mc2017_realistic_v8-v1/70000/EA575F49-4733-BA44-A0A5-9ED26A11AA78.root...
Have processed 13055764 events...
Processing root://cms-xrdr.private.lo:2094//xrd/store/mc/RunIIFall17NanoAODv7/WJetsToLNu_HT-400To600_TuneCP5_13TeV-madgraphMLM-pythia8/NANOAODSIM/PU2017_12Apr2018_Nano02Apr2020_102X_mc2017_realistic_v8-v1/70000/F2EEC5E1-CDC4-9A43-9A2D-F9F5DFF71674.root...
Have processed 13337989 events...
Have processed 16 files...
Have processed total 14313274 events...
Event number finally passed is 0...
genWeightSum is 2853568.0...
