Processing root://cms-xrdr.private.lo:2094//xrd/store/mc/RunIIFall17NanoAODv7/WJetsToLNu_HT-600To800_TuneCP5_13TeV-madgraphMLM-pythia8/NANOAODSIM/PU2017_12Apr2018_Nano02Apr2020_102X_mc2017_realistic_v8-v1/70000/050BBEF9-52B9-3B4C-87D9-9092698454E6.root...
Have processed 0 events...
Processing root://cms-xrdr.private.lo:2094//xrd/store/mc/RunIIFall17NanoAODv7/WJetsToLNu_HT-600To800_TuneCP5_13TeV-madgraphMLM-pythia8/NANOAODSIM/PU2017_12Apr2018_Nano02Apr2020_102X_mc2017_realistic_v8-v1/70000/22EB663F-7883-D34A-93A3-402B9FFDE957.root...
Have processed 690820 events...
Processing root://cms-xrdr.private.lo:2094//xrd/store/mc/RunIIFall17NanoAODv7/WJetsToLNu_HT-600To800_TuneCP5_13TeV-madgraphMLM-pythia8/NANOAODSIM/PU2017_12Apr2018_Nano02Apr2020_102X_mc2017_realistic_v8-v1/70000/39E3C0ED-BC99-0143-8F25-252E7117106A.root...
Have processed 920669 events...
Processing root://cms-xrdr.private.lo:2094//xrd/store/mc/RunIIFall17NanoAODv7/WJetsToLNu_HT-600To800_TuneCP5_13TeV-madgraphMLM-pythia8/NANOAODSIM/PU2017_12Apr2018_Nano02Apr2020_102X_mc2017_realistic_v8-v1/70000/56AB09B7-3BBD-194C-AD61-B6EC254D71FE.root...
Have processed 1402635 events...
Processing root://cms-xrdr.private.lo:2094//xrd/store/mc/RunIIFall17NanoAODv7/WJetsToLNu_HT-600To800_TuneCP5_13TeV-madgraphMLM-pythia8/NANOAODSIM/PU2017_12Apr2018_Nano02Apr2020_102X_mc2017_realistic_v8-v1/70000/6F679E1C-C2C8-064D-AF4C-25499D7A9526.root...
Have processed 2514423 events...
Processing root://cms-xrdr.private.lo:2094//xrd/store/mc/RunIIFall17NanoAODv7/WJetsToLNu_HT-600To800_TuneCP5_13TeV-madgraphMLM-pythia8/NANOAODSIM/PU2017_12Apr2018_Nano02Apr2020_102X_mc2017_realistic_v8-v1/70000/8786C3F1-FE87-DC4D-B8C7-D5F9268B3409.root...
Have processed 3377653 events...
Processing root://cms-xrdr.private.lo:2094//xrd/store/mc/RunIIFall17NanoAODv7/WJetsToLNu_HT-600To800_TuneCP5_13TeV-madgraphMLM-pythia8/NANOAODSIM/PU2017_12Apr2018_Nano02Apr2020_102X_mc2017_realistic_v8-v1/70000/890F38CF-4B57-2E4F-BD9B-E3132D20F699.root...
Have processed 3644853 events...
Processing root://cms-xrdr.private.lo:2094//xrd/store/mc/RunIIFall17NanoAODv7/WJetsToLNu_HT-600To800_TuneCP5_13TeV-madgraphMLM-pythia8/NANOAODSIM/PU2017_12Apr2018_Nano02Apr2020_102X_mc2017_realistic_v8-v1/70000/8D03E970-208D-7A4D-B6B8-41D247C32730.root...
Have processed 4565698 events...
Processing root://cms-xrdr.private.lo:2094//xrd/store/mc/RunIIFall17NanoAODv7/WJetsToLNu_HT-600To800_TuneCP5_13TeV-madgraphMLM-pythia8/NANOAODSIM/PU2017_12Apr2018_Nano02Apr2020_102X_mc2017_realistic_v8-v1/70000/A3C892EA-B15A-084B-B02C-663F026B6611.root...
Have processed 5757040 events...
Processing root://cms-xrdr.private.lo:2094//xrd/store/mc/RunIIFall17NanoAODv7/WJetsToLNu_HT-600To800_TuneCP5_13TeV-madgraphMLM-pythia8/NANOAODSIM/PU2017_12Apr2018_Nano02Apr2020_102X_mc2017_realistic_v8-v1/70000/BAD8A737-4CE9-BF42-8E16-4D48FA98607A.root...
Have processed 7072111 events...
Processing root://cms-xrdr.private.lo:2094//xrd/store/mc/RunIIFall17NanoAODv7/WJetsToLNu_HT-600To800_TuneCP5_13TeV-madgraphMLM-pythia8/NANOAODSIM/PU2017_12Apr2018_Nano02Apr2020_102X_mc2017_realistic_v8-v1/70000/C49B3488-E679-1C4D-90D4-E8883433655D.root...
Have processed 8395402 events...
Processing root://cms-xrdr.private.lo:2094//xrd/store/mc/RunIIFall17NanoAODv7/WJetsToLNu_HT-600To800_TuneCP5_13TeV-madgraphMLM-pythia8/NANOAODSIM/PU2017_12Apr2018_Nano02Apr2020_102X_mc2017_realistic_v8-v1/70000/CC35D896-0C8D-5C47-8408-E05398C05E99.root...
Have processed 8683371 events...
Processing root://cms-xrdr.private.lo:2094//xrd/store/mc/RunIIFall17NanoAODv7/WJetsToLNu_HT-600To800_TuneCP5_13TeV-madgraphMLM-pythia8/NANOAODSIM/PU2017_12Apr2018_Nano02Apr2020_102X_mc2017_realistic_v8-v1/70000/D16774DC-0B46-084B-8AA5-0F099C1EBC73.root...
Have processed 9949620 events...
Processing root://cms-xrdr.private.lo:2094//xrd/store/mc/RunIIFall17NanoAODv7/WJetsToLNu_HT-600To800_TuneCP5_13TeV-madgraphMLM-pythia8/NANOAODSIM/PU2017_12Apr2018_Nano02Apr2020_102X_mc2017_realistic_v8-v1/70000/D253D15E-0058-984D-8101-5F32882C35C4.root...
Have processed 11272910 events...
Processing root://cms-xrdr.private.lo:2094//xrd/store/mc/RunIIFall17NanoAODv7/WJetsToLNu_HT-600To800_TuneCP5_13TeV-madgraphMLM-pythia8/NANOAODSIM/PU2017_12Apr2018_Nano02Apr2020_102X_mc2017_realistic_v8-v1/70000/D86A8CAC-08DD-3B4C-B47E-4C8CE017D8D1.root...
Have processed 12064477 events...
Processing root://cms-xrdr.private.lo:2094//xrd/store/mc/RunIIFall17NanoAODv7/WJetsToLNu_HT-600To800_TuneCP5_13TeV-madgraphMLM-pythia8/NANOAODSIM/PU2017_12Apr2018_Nano02Apr2020_102X_mc2017_realistic_v8-v1/70000/DCA9A9A6-77BA-564E-985E-BD315CB9C686.root...
Have processed 13004326 events...
Processing root://cms-xrdr.private.lo:2094//xrd/store/mc/RunIIFall17NanoAODv7/WJetsToLNu_HT-600To800_TuneCP5_13TeV-madgraphMLM-pythia8/NANOAODSIM/PU2017_12Apr2018_Nano02Apr2020_102X_mc2017_realistic_v8-v1/70000/E0B46F01-384B-F24E-9482-D82227550846.root...
Have processed 13752238 events...
Processing root://cms-xrdr.private.lo:2094//xrd/store/mc/RunIIFall17NanoAODv7/WJetsToLNu_HT-600To800_TuneCP5_13TeV-madgraphMLM-pythia8/NANOAODSIM/PU2017_12Apr2018_Nano02Apr2020_102X_mc2017_realistic_v8-v1/70000/F0A552A7-9A4B-0C4F-B749-C8CB0C6A4694.root...
Have processed 14496585 events...
Have processed 18 files...
Have processed total 14669098 events...
Event number finally passed is 0...
genWeightSum is 2984563.0...
