Processing root://cms-xrdr.private.lo:2094//xrd/store/mc/RunIIFall17NanoAODv7/GluGluHToBB_M125_13TeV_amcatnloFXFX_pythia8/NANOAODSIM/PU2017_12Apr2018_Nano02Apr2020_102X_mc2017_realistic_v8-v1/260000/014DC11F-BEC1-2342-B7E4-4F72802CC805.root...
Have processed 0 events...
Processing root://cms-xrdr.private.lo:2094//xrd/store/mc/RunIIFall17NanoAODv7/GluGluHToBB_M125_13TeV_amcatnloFXFX_pythia8/NANOAODSIM/PU2017_12Apr2018_Nano02Apr2020_102X_mc2017_realistic_v8-v1/260000/1D1F4AF2-1F09-564C-9E11-68F6B274426A.root...
Have processed 268682 events...
Processing root://cms-xrdr.private.lo:2094//xrd/store/mc/RunIIFall17NanoAODv7/GluGluHToBB_M125_13TeV_amcatnloFXFX_pythia8/NANOAODSIM/PU2017_12Apr2018_Nano02Apr2020_102X_mc2017_realistic_v8-v1/260000/378C1B1D-300B-4445-9E74-C932635F4B1D.root...
Have processed 1308554 events...
Processing root://cms-xrdr.private.lo:2094//xrd/store/mc/RunIIFall17NanoAODv7/GluGluHToBB_M125_13TeV_amcatnloFXFX_pythia8/NANOAODSIM/PU2017_12Apr2018_Nano02Apr2020_102X_mc2017_realistic_v8-v1/260000/76CE572E-0607-4748-90C6-424A64040A11.root...
Have processed 1312532 events...
Processing root://cms-xrdr.private.lo:2094//xrd/store/mc/RunIIFall17NanoAODv7/GluGluHToBB_M125_13TeV_amcatnloFXFX_pythia8/NANOAODSIM/PU2017_12Apr2018_Nano02Apr2020_102X_mc2017_realistic_v8-v1/260000/B4C3275A-D467-BC42-A87C-01AB102A6FEC.root...
Have processed 1321394 events...
Processing root://cms-xrdr.private.lo:2094//xrd/store/mc/RunIIFall17NanoAODv7/GluGluHToBB_M125_13TeV_amcatnloFXFX_pythia8/NANOAODSIM/PU2017_12Apr2018_Nano02Apr2020_102X_mc2017_realistic_v8-v1/260000/DE0C1B5A-DF86-A941-B3B7-BF013A7F13CC.root...
Have processed 1783389 events...
Processing root://cms-xrdr.private.lo:2094//xrd/store/mc/RunIIFall17NanoAODv7/GluGluHToBB_M125_13TeV_amcatnloFXFX_pythia8/NANOAODSIM/PU2017_12Apr2018_Nano02Apr2020_102X_mc2017_realistic_v8-v1/260000/E4FB7DA4-04B0-8A47-9C7F-319F1B10D7A5.root...
Have processed 2731375 events...
Processing root://cms-xrdr.private.lo:2094//xrd/store/mc/RunIIFall17NanoAODv7/GluGluHToBB_M125_13TeV_amcatnloFXFX_pythia8/NANOAODSIM/PU2017_12Apr2018_Nano02Apr2020_102X_mc2017_realistic_v8-v1/260000/E7C521A3-C3D1-844E-A90F-9DE9E0833682.root...
Have processed 2769501 events...
Processing root://cms-xrdr.private.lo:2094//xrd/store/mc/RunIIFall17NanoAODv7/GluGluHToBB_M125_13TeV_amcatnloFXFX_pythia8/NANOAODSIM/PU2017_12Apr2018_Nano02Apr2020_102X_mc2017_realistic_v8-v1/260000/F6BF0814-EC7B-1744-9CBC-ADA4DEE669A4.root...
Have processed 2925018 events...
Have processed 9 files...
Have processed total 3119998 events...
Event number finally passed is 0...
genWeightSum is 947903.296783...
