Processing root://cms-xrdr.private.lo:2094//xrd/store/mc/RunIIFall17NanoAODv7/DYJetsToLL_M-10to50_TuneCP5_13TeV-madgraphMLM-pythia8/NANOAODSIM/PU2017_12Apr2018_Nano02Apr2020_102X_mc2017_realistic_v8-v1/270000/1116F404-713C-B24C-979E-967C01DEA436.root...
Have processed 0 events...
Processing root://cms-xrdr.private.lo:2094//xrd/store/mc/RunIIFall17NanoAODv7/DYJetsToLL_M-10to50_TuneCP5_13TeV-madgraphMLM-pythia8/NANOAODSIM/PU2017_12Apr2018_Nano02Apr2020_102X_mc2017_realistic_v8-v1/270000/4F2AF506-0854-A74D-8D58-9C58C1CDB69B.root...
Have processed 688530 events...
Processing root://cms-xrdr.private.lo:2094//xrd/store/mc/RunIIFall17NanoAODv7/DYJetsToLL_M-10to50_TuneCP5_13TeV-madgraphMLM-pythia8/NANOAODSIM/PU2017_12Apr2018_Nano02Apr2020_102X_mc2017_realistic_v8-v1/270000/53FD6CA5-0468-1B4D-A75D-F89E23674F47.root...
Have processed 1145838 events...
Processing root://cms-xrdr.private.lo:2094//xrd/store/mc/RunIIFall17NanoAODv7/DYJetsToLL_M-10to50_TuneCP5_13TeV-madgraphMLM-pythia8/NANOAODSIM/PU2017_12Apr2018_Nano02Apr2020_102X_mc2017_realistic_v8-v1/270000/6E87AF81-3E81-5E47-9401-6F701903C329.root...
Have processed 1604818 events...
Processing root://cms-xrdr.private.lo:2094//xrd/store/mc/RunIIFall17NanoAODv7/DYJetsToLL_M-10to50_TuneCP5_13TeV-madgraphMLM-pythia8/NANOAODSIM/PU2017_12Apr2018_Nano02Apr2020_102X_mc2017_realistic_v8-v1/270000/7F6AC26A-6264-6347-871A-2E7090AEC6E1.root...
Have processed 1783842 events...
Processing root://cms-xrdr.private.lo:2094//xrd/store/mc/RunIIFall17NanoAODv7/DYJetsToLL_M-10to50_TuneCP5_13TeV-madgraphMLM-pythia8/NANOAODSIM/PU2017_12Apr2018_Nano02Apr2020_102X_mc2017_realistic_v8-v1/270000/8ED7E5A0-CCBB-E740-A427-2BDB7804CDF3.root...
Have processed 1841602 events...
Processing root://cms-xrdr.private.lo:2094//xrd/store/mc/RunIIFall17NanoAODv7/DYJetsToLL_M-10to50_TuneCP5_13TeV-madgraphMLM-pythia8/NANOAODSIM/PU2017_12Apr2018_Nano02Apr2020_102X_mc2017_realistic_v8-v1/270000/B12C7040-4569-AE43-82C0-2C092F02C50F.root...
Have processed 2243224 events...
Processing root://cms-xrdr.private.lo:2094//xrd/store/mc/RunIIFall17NanoAODv7/DYJetsToLL_M-10to50_TuneCP5_13TeV-madgraphMLM-pythia8/NANOAODSIM/PU2017_12Apr2018_Nano02Apr2020_102X_mc2017_realistic_v8-v1/270000/E566ED48-08D0-3840-96B3-D980D8F7B67B.root...
Have processed 3724506 events...
Processing root://cms-xrdr.private.lo:2094//xrd/store/mc/RunIIFall17NanoAODv7/DYJetsToLL_M-10to50_TuneCP5_13TeV-madgraphMLM-pythia8/NANOAODSIM/PU2017_12Apr2018_Nano02Apr2020_102X_mc2017_realistic_v8-v1/270000/E97E42B2-3981-CD4A-982A-1E35E10D75CF.root...
Have processed 5038833 events...
Have processed 9 files...
Have processed total 5507781 events...
Event number finally passed is 0...
genWeightSum is 31322.0...
