Processing root://cms-xrdr.private.lo:2094//xrd/store/mc/RunIIFall17NanoAODv7/DYJetsToLL_2J_TuneCP5_13TeV-amcatnloFXFX-pythia8/NANOAODSIM/PU2017_12Apr2018_Nano02Apr2020_102X_mc2017_realistic_v8-v1/60000/18E45CE5-3436-5D4A-96B6-EE71F532D230.root...
Have processed 0 events...
Processing root://cms-xrdr.private.lo:2094//xrd/store/mc/RunIIFall17NanoAODv7/DYJetsToLL_2J_TuneCP5_13TeV-amcatnloFXFX-pythia8/NANOAODSIM/PU2017_12Apr2018_Nano02Apr2020_102X_mc2017_realistic_v8-v1/60000/2CF2D3F6-168D-AA46-A32C-59B5E81129D4.root...
Have processed 113587 events...
Processing root://cms-xrdr.private.lo:2094//xrd/store/mc/RunIIFall17NanoAODv7/DYJetsToLL_2J_TuneCP5_13TeV-amcatnloFXFX-pythia8/NANOAODSIM/PU2017_12Apr2018_Nano02Apr2020_102X_mc2017_realistic_v8-v1/60000/4BC3F4BA-0D64-8146-A484-10412ABD25F1.root...
Have processed 567680 events...
Processing root://cms-xrdr.private.lo:2094//xrd/store/mc/RunIIFall17NanoAODv7/DYJetsToLL_2J_TuneCP5_13TeV-amcatnloFXFX-pythia8/NANOAODSIM/PU2017_12Apr2018_Nano02Apr2020_102X_mc2017_realistic_v8-v1/60000/4D04D850-069E-E543-BC2F-BFAD4B4AC69D.root...
Have processed 915894 events...
Processing root://cms-xrdr.private.lo:2094//xrd/store/mc/RunIIFall17NanoAODv7/DYJetsToLL_2J_TuneCP5_13TeV-amcatnloFXFX-pythia8/NANOAODSIM/PU2017_12Apr2018_Nano02Apr2020_102X_mc2017_realistic_v8-v1/60000/72204271-1521-2F4A-8461-1231AD634B9F.root...
Have processed 1312668 events...
Processing root://cms-xrdr.private.lo:2094//xrd/store/mc/RunIIFall17NanoAODv7/DYJetsToLL_2J_TuneCP5_13TeV-amcatnloFXFX-pythia8/NANOAODSIM/PU2017_12Apr2018_Nano02Apr2020_102X_mc2017_realistic_v8-v1/60000/8C4FB5EC-2BBB-4147-B685-55DC8093CE65.root...
Have processed 1596978 events...
Processing root://cms-xrdr.private.lo:2094//xrd/store/mc/RunIIFall17NanoAODv7/DYJetsToLL_2J_TuneCP5_13TeV-amcatnloFXFX-pythia8/NANOAODSIM/PU2017_12Apr2018_Nano02Apr2020_102X_mc2017_realistic_v8-v1/60000/9E4795DB-416E-3D40-9BF2-91D91CC90803.root...
Have processed 2655365 events...
Processing root://cms-xrdr.private.lo:2094//xrd/store/mc/RunIIFall17NanoAODv7/DYJetsToLL_2J_TuneCP5_13TeV-amcatnloFXFX-pythia8/NANOAODSIM/PU2017_12Apr2018_Nano02Apr2020_102X_mc2017_realistic_v8-v1/60000/D5B44C7A-3B25-0340-B013-C6E993DFDF61.root...
Have processed 3394555 events...
Processing root://cms-xrdr.private.lo:2094//xrd/store/mc/RunIIFall17NanoAODv7/DYJetsToLL_2J_TuneCP5_13TeV-amcatnloFXFX-pythia8/NANOAODSIM/PU2017_12Apr2018_Nano02Apr2020_102X_mc2017_realistic_v8-v1/60000/E32424AD-B794-A440-A8D5-0A766E39C6CA.root...
Have processed 4985041 events...
Have processed 9 files...
Have processed total 5833237 events...
Event number finally passed is 0...
genWeightSum is 3973997809.16...
