Processing root://cms-xrdr.private.lo:2094//xrd/store/mc/RunIIFall17NanoAODv7/W3JetsToLNu_TuneCP5_13TeV-madgraphMLM-pythia8/NANOAODSIM/PU2017_12Apr2018_Nano02Apr2020_PU2017_102X_mc2017_realistic_v8-v1/130000/121CA023-FB6D-A74E-856D-9A589DA72F7B.root...
Have processed 0 events...
Processing root://cms-xrdr.private.lo:2094//xrd/store/mc/RunIIFall17NanoAODv7/W3JetsToLNu_TuneCP5_13TeV-madgraphMLM-pythia8/NANOAODSIM/PU2017_12Apr2018_Nano02Apr2020_PU2017_102X_mc2017_realistic_v8-v1/130000/14B3154A-4CF1-CC48-B1A5-0995599E50B8.root...
Have processed 56660 events...
Processing root://cms-xrdr.private.lo:2094//xrd/store/mc/RunIIFall17NanoAODv7/W3JetsToLNu_TuneCP5_13TeV-madgraphMLM-pythia8/NANOAODSIM/PU2017_12Apr2018_Nano02Apr2020_PU2017_102X_mc2017_realistic_v8-v1/130000/2E9ACDAE-802B-A54D-8874-008BA663A2A6.root...
Have processed 949773 events...
Processing root://cms-xrdr.private.lo:2094//xrd/store/mc/RunIIFall17NanoAODv7/W3JetsToLNu_TuneCP5_13TeV-madgraphMLM-pythia8/NANOAODSIM/PU2017_12Apr2018_Nano02Apr2020_PU2017_102X_mc2017_realistic_v8-v1/130000/39AFBD14-5BD5-B047-82F1-AAD6BED898BD.root...
Have processed 2265984 events...
Processing root://cms-xrdr.private.lo:2094//xrd/store/mc/RunIIFall17NanoAODv7/W3JetsToLNu_TuneCP5_13TeV-madgraphMLM-pythia8/NANOAODSIM/PU2017_12Apr2018_Nano02Apr2020_PU2017_102X_mc2017_realistic_v8-v1/130000/B81447C1-6077-884C-B40D-1AC320744EF8.root...
Have processed 2950322 events...
Processing root://cms-xrdr.private.lo:2094//xrd/store/mc/RunIIFall17NanoAODv7/W3JetsToLNu_TuneCP5_13TeV-madgraphMLM-pythia8/NANOAODSIM/PU2017_12Apr2018_Nano02Apr2020_PU2017_102X_mc2017_realistic_v8-v1/130000/B933729A-2328-A642-B815-1214B92223ED.root...
Have processed 3976738 events...
Processing root://cms-xrdr.private.lo:2094//xrd/store/mc/RunIIFall17NanoAODv7/W3JetsToLNu_TuneCP5_13TeV-madgraphMLM-pythia8/NANOAODSIM/PU2017_12Apr2018_Nano02Apr2020_PU2017_102X_mc2017_realistic_v8-v1/130000/B9770974-2C5D-D540-9413-7817D6CFDEDD.root...
Have processed 5344914 events...
Processing root://cms-xrdr.private.lo:2094//xrd/store/mc/RunIIFall17NanoAODv7/W3JetsToLNu_TuneCP5_13TeV-madgraphMLM-pythia8/NANOAODSIM/PU2017_12Apr2018_Nano02Apr2020_PU2017_102X_mc2017_realistic_v8-v1/130000/BD11094B-7006-1348-A2D9-AA6958BB15FE.root...
Have processed 6317475 events...
Processing root://cms-xrdr.private.lo:2094//xrd/store/mc/RunIIFall17NanoAODv7/W3JetsToLNu_TuneCP5_13TeV-madgraphMLM-pythia8/NANOAODSIM/PU2017_12Apr2018_Nano02Apr2020_PU2017_102X_mc2017_realistic_v8-v1/130000/C395FC39-E1C2-614D-B3A0-680169D84C95.root...
Have processed 7344939 events...
Processing root://cms-xrdr.private.lo:2094//xrd/store/mc/RunIIFall17NanoAODv7/W3JetsToLNu_TuneCP5_13TeV-madgraphMLM-pythia8/NANOAODSIM/PU2017_12Apr2018_Nano02Apr2020_PU2017_102X_mc2017_realistic_v8-v1/130000/C7E0308B-DAB8-0741-BE76-551CE0A345CC.root...
Have processed 8600424 events...
Processing root://cms-xrdr.private.lo:2094//xrd/store/mc/RunIIFall17NanoAODv7/W3JetsToLNu_TuneCP5_13TeV-madgraphMLM-pythia8/NANOAODSIM/PU2017_12Apr2018_Nano02Apr2020_PU2017_102X_mc2017_realistic_v8-v1/130000/D91C9B31-065F-484B-8599-24BE69A03B1B.root...
Have processed 9797941 events...
Processing root://cms-xrdr.private.lo:2094//xrd/store/mc/RunIIFall17NanoAODv7/W3JetsToLNu_TuneCP5_13TeV-madgraphMLM-pythia8/NANOAODSIM/PU2017_12Apr2018_Nano02Apr2020_PU2017_102X_mc2017_realistic_v8-v1/130000/E4456F7C-3F68-4B4E-BD25-5344894ECBCB.root...
Have processed 10770194 events...
Processing root://cms-xrdr.private.lo:2094//xrd/store/mc/RunIIFall17NanoAODv7/W3JetsToLNu_TuneCP5_13TeV-madgraphMLM-pythia8/NANOAODSIM/PU2017_12Apr2018_Nano02Apr2020_PU2017_102X_mc2017_realistic_v8-v1/130000/E7DD64E4-96A3-DA41-A91E-4F60A8A2E961.root...
Have processed 11569528 events...
Processing root://cms-xrdr.private.lo:2094//xrd/store/mc/RunIIFall17NanoAODv7/W3JetsToLNu_TuneCP5_13TeV-madgraphMLM-pythia8/NANOAODSIM/PU2017_12Apr2018_Nano02Apr2020_PU2017_102X_mc2017_realistic_v8-v1/130000/F902998A-4E27-5E49-A454-84A482BFB1F6.root...
Have processed 12770109 events...
Have processed 14 files...
Have processed total 13684328 events...
Event number finally passed is 0...
genWeightSum is 2272741.0...
