Processing root://cms-xrdr.private.lo:2094//xrd/store/mc/RunIIFall17NanoAODv7/ST_tW_top_5f_inclusiveDecays_TuneCP5_13TeV-powheg-pythia8/NANOAODSIM/PU2017_12Apr2018_Nano02Apr2020_102X_mc2017_realistic_v8-v1/60000/32859BE5-5F06-2046-8BAA-3164EBB76832.root...
Have processed 0 events...
Processing root://cms-xrdr.private.lo:2094//xrd/store/mc/RunIIFall17NanoAODv7/ST_tW_top_5f_inclusiveDecays_TuneCP5_13TeV-powheg-pythia8/NANOAODSIM/PU2017_12Apr2018_Nano02Apr2020_102X_mc2017_realistic_v8-v1/60000/34C534A3-4AB0-654C-B6D0-DE6C614D370F.root...
Have processed 688052 events...
Processing root://cms-xrdr.private.lo:2094//xrd/store/mc/RunIIFall17NanoAODv7/ST_tW_top_5f_inclusiveDecays_TuneCP5_13TeV-powheg-pythia8/NANOAODSIM/PU2017_12Apr2018_Nano02Apr2020_102X_mc2017_realistic_v8-v1/60000/5BA5124F-6701-3A43-9608-6842E3A6468C.root...
Have processed 2111644 events...
Processing root://cms-xrdr.private.lo:2094//xrd/store/mc/RunIIFall17NanoAODv7/ST_tW_top_5f_inclusiveDecays_TuneCP5_13TeV-powheg-pythia8/NANOAODSIM/PU2017_12Apr2018_Nano02Apr2020_102X_mc2017_realistic_v8-v1/60000/6F6FD899-570E-2A4D-94DC-F0471649ABE7.root...
Have processed 3571082 events...
Processing root://cms-xrdr.private.lo:2094//xrd/store/mc/RunIIFall17NanoAODv7/ST_tW_top_5f_inclusiveDecays_TuneCP5_13TeV-powheg-pythia8/NANOAODSIM/PU2017_12Apr2018_Nano02Apr2020_102X_mc2017_realistic_v8-v1/60000/C6C9F650-0A9C-9244-A272-0C7EB0A48135.root...
Have processed 5054124 events...
Processing root://cms-xrdr.private.lo:2094//xrd/store/mc/RunIIFall17NanoAODv7/ST_tW_top_5f_inclusiveDecays_TuneCP5_13TeV-powheg-pythia8/NANOAODSIM/PU2017_12Apr2018_Nano02Apr2020_102X_mc2017_realistic_v8-v1/60000/D2102BF8-7D99-684B-BCA8-3AE79593BB33.root...
Have processed 5914876 events...
Processing root://cms-xrdr.private.lo:2094//xrd/store/mc/RunIIFall17NanoAODv7/ST_tW_top_5f_inclusiveDecays_TuneCP5_13TeV-powheg-pythia8/NANOAODSIM/PU2017_12Apr2018_Nano02Apr2020_102X_mc2017_realistic_v8-v1/60000/DE91133B-14D8-FD45-9B2E-AECD2D509295.root...
Have processed 6027966 events...
Processing root://cms-xrdr.private.lo:2094//xrd/store/mc/RunIIFall17NanoAODv7/ST_tW_top_5f_inclusiveDecays_TuneCP5_13TeV-powheg-pythia8/NANOAODSIM/PU2017_12Apr2018_Nano02Apr2020_102X_mc2017_realistic_v8-v1/60000/FFB7AB92-C03E-DA46-BEB3-1D57BCF68C2D.root...
Have processed 7510396 events...
Have processed 8 files...
Have processed total 7794186 events...
Event number finally passed is 0...
genWeightSum is 39510436.1093...
