Processing root://cms-xrdr.private.lo:2094//xrd/store/mc/RunIIFall17NanoAODv7/ST_tWll_5f_LO_TuneCP5_PSweights_13TeV-madgraph-pythia8/NANOAODSIM/PU2017_12Apr2018_Nano02Apr2020_102X_mc2017_realistic_v8_ext1-v1/270000/02145890-915D-D640-B56C-D573ACD98CAE.root...
Have processed 0 events...
Processing root://cms-xrdr.private.lo:2094//xrd/store/mc/RunIIFall17NanoAODv7/ST_tWll_5f_LO_TuneCP5_PSweights_13TeV-madgraph-pythia8/NANOAODSIM/PU2017_12Apr2018_Nano02Apr2020_102X_mc2017_realistic_v8_ext1-v1/270000/0A9278BF-D718-6941-AF33-D69C58E252A1.root...
Have processed 80000 events...
Processing root://cms-xrdr.private.lo:2094//xrd/store/mc/RunIIFall17NanoAODv7/ST_tWll_5f_LO_TuneCP5_PSweights_13TeV-madgraph-pythia8/NANOAODSIM/PU2017_12Apr2018_Nano02Apr2020_102X_mc2017_realistic_v8_ext1-v1/270000/347690A0-9F3E-D94C-A00B-F246016F89BD.root...
Have processed 90000 events...
Processing root://cms-xrdr.private.lo:2094//xrd/store/mc/RunIIFall17NanoAODv7/ST_tWll_5f_LO_TuneCP5_PSweights_13TeV-madgraph-pythia8/NANOAODSIM/PU2017_12Apr2018_Nano02Apr2020_102X_mc2017_realistic_v8_ext1-v1/270000/95B413FD-34A2-0E4B-A2EA-9C6B025F7BF4.root...
Have processed 97000 events...
Processing root://cms-xrdr.private.lo:2094//xrd/store/mc/RunIIFall17NanoAODv7/ST_tWll_5f_LO_TuneCP5_PSweights_13TeV-madgraph-pythia8/NANOAODSIM/PU2017_12Apr2018_Nano02Apr2020_102X_mc2017_realistic_v8_ext1-v1/270000/A204CC65-9141-AD42-AFDB-EFE398303786.root...
Have processed 213000 events...
Processing root://cms-xrdr.private.lo:2094//xrd/store/mc/RunIIFall17NanoAODv7/ST_tWll_5f_LO_TuneCP5_PSweights_13TeV-madgraph-pythia8/NANOAODSIM/PU2017_12Apr2018_Nano02Apr2020_102X_mc2017_realistic_v8_ext1-v1/270000/A220CC0D-8A05-6947-A8FF-C61C77E6D968.root...
Have processed 240000 events...
Processing root://cms-xrdr.private.lo:2094//xrd/store/mc/RunIIFall17NanoAODv7/ST_tWll_5f_LO_TuneCP5_PSweights_13TeV-madgraph-pythia8/NANOAODSIM/PU2017_12Apr2018_Nano02Apr2020_102X_mc2017_realistic_v8_ext1-v1/270000/A3EFC225-A664-6F40-B5FF-7DCF79F244D7.root...
Have processed 274000 events...
Processing root://cms-xrdr.private.lo:2094//xrd/store/mc/RunIIFall17NanoAODv7/ST_tWll_5f_LO_TuneCP5_PSweights_13TeV-madgraph-pythia8/NANOAODSIM/PU2017_12Apr2018_Nano02Apr2020_102X_mc2017_realistic_v8_ext1-v1/270000/F7002DDA-0C55-AD4C-81C0-398717EC74F0.root...
Have processed 371000 events...
Processing root://cms-xrdr.private.lo:2094//xrd/store/mc/RunIIFall17NanoAODv7/ST_tWll_5f_LO_TuneCP5_PSweights_13TeV-madgraph-pythia8/NANOAODSIM/PU2017_12Apr2018_Nano02Apr2020_102X_mc2017_realistic_v8_ext1-v1/270000/FAC76558-715A-514D-A072-FDFE7B0296B7.root...
Have processed 374000 events...
Have processed 9 files...
Have processed total 381000 events...
Event number finally passed is 0...
genWeightSum is 172441.0...
