Processing root://cms-xrdr.private.lo:2094//xrd/store/mc/RunIIFall17NanoAODv7/ST_s-channel_4f_leptonDecays_TuneCP5_13TeV-amcatnlo-pythia8/NANOAODSIM/PU2017_12Apr2018_Nano02Apr2020_102X_mc2017_realistic_v8-v1/60000/24A8C6E7-5285-2345-AB23-66057665D0FC.root...
Have processed 0 events...
Processing root://cms-xrdr.private.lo:2094//xrd/store/mc/RunIIFall17NanoAODv7/ST_s-channel_4f_leptonDecays_TuneCP5_13TeV-amcatnlo-pythia8/NANOAODSIM/PU2017_12Apr2018_Nano02Apr2020_102X_mc2017_realistic_v8-v1/60000/25C8CCBA-F01E-9646-B4C0-DE25AFC5C5FA.root...
Have processed 917147 events...
Processing root://cms-xrdr.private.lo:2094//xrd/store/mc/RunIIFall17NanoAODv7/ST_s-channel_4f_leptonDecays_TuneCP5_13TeV-amcatnlo-pythia8/NANOAODSIM/PU2017_12Apr2018_Nano02Apr2020_102X_mc2017_realistic_v8-v1/60000/2705CECD-0CA7-904B-B4DE-9E70E54652B8.root...
Have processed 1645621 events...
Processing root://cms-xrdr.private.lo:2094//xrd/store/mc/RunIIFall17NanoAODv7/ST_s-channel_4f_leptonDecays_TuneCP5_13TeV-amcatnlo-pythia8/NANOAODSIM/PU2017_12Apr2018_Nano02Apr2020_102X_mc2017_realistic_v8-v1/60000/4459FCD2-24CD-4B47-A0F5-51A0C5CBBB61.root...
Have processed 1816120 events...
Processing root://cms-xrdr.private.lo:2094//xrd/store/mc/RunIIFall17NanoAODv7/ST_s-channel_4f_leptonDecays_TuneCP5_13TeV-amcatnlo-pythia8/NANOAODSIM/PU2017_12Apr2018_Nano02Apr2020_102X_mc2017_realistic_v8-v1/60000/922E71D4-3DAA-2543-81F6-855300C5528D.root...
Have processed 2728448 events...
Processing root://cms-xrdr.private.lo:2094//xrd/store/mc/RunIIFall17NanoAODv7/ST_s-channel_4f_leptonDecays_TuneCP5_13TeV-amcatnlo-pythia8/NANOAODSIM/PU2017_12Apr2018_Nano02Apr2020_102X_mc2017_realistic_v8-v1/60000/958F134B-4784-0541-9926-4CBF94ACEEEB.root...
Have processed 3928709 events...
Processing root://cms-xrdr.private.lo:2094//xrd/store/mc/RunIIFall17NanoAODv7/ST_s-channel_4f_leptonDecays_TuneCP5_13TeV-amcatnlo-pythia8/NANOAODSIM/PU2017_12Apr2018_Nano02Apr2020_102X_mc2017_realistic_v8-v1/60000/C6056161-3FAD-794C-BBFB-77DF940CE86C.root...
Have processed 5175093 events...
Processing root://cms-xrdr.private.lo:2094//xrd/store/mc/RunIIFall17NanoAODv7/ST_s-channel_4f_leptonDecays_TuneCP5_13TeV-amcatnlo-pythia8/NANOAODSIM/PU2017_12Apr2018_Nano02Apr2020_102X_mc2017_realistic_v8-v1/60000/DDBEDEEA-1FBD-1348-9046-759EE57C11CE.root...
Have processed 6150370 events...
Processing root://cms-xrdr.private.lo:2094//xrd/store/mc/RunIIFall17NanoAODv7/ST_s-channel_4f_leptonDecays_TuneCP5_13TeV-amcatnlo-pythia8/NANOAODSIM/PU2017_12Apr2018_Nano02Apr2020_102X_mc2017_realistic_v8-v1/60000/FB5270AC-5AAE-074D-A21B-A16A4FD5D759.root...
Have processed 6205732 events...
Have processed 9 files...
Have processed total 7803534 events...
Event number finally passed is 0...
genWeightSum is 5084256.02695...
