Processing root://cms-xrdr.private.lo:2094//xrd/store/mc/RunIIFall17NanoAODv7/WJetsToLNu_TuneCP5_13TeV-madgraphMLM-pythia8/NANOAODSIM/PU2017_12Apr2018_Nano02Apr2020_102X_mc2017_realistic_v8_ext1-v1/60000/1393ECA6-1662-3049-ABDA-9A1595F5C114.root...
Have processed 0 events...
Processing root://cms-xrdr.private.lo:2094//xrd/store/mc/RunIIFall17NanoAODv7/WJetsToLNu_TuneCP5_13TeV-madgraphMLM-pythia8/NANOAODSIM/PU2017_12Apr2018_Nano02Apr2020_102X_mc2017_realistic_v8_ext1-v1/60000/2B53BEA4-5D19-2A41-90AF-4600BACE09D3.root...
Have processed 2170113 events...
Processing root://cms-xrdr.private.lo:2094//xrd/store/mc/RunIIFall17NanoAODv7/WJetsToLNu_TuneCP5_13TeV-madgraphMLM-pythia8/NANOAODSIM/PU2017_12Apr2018_Nano02Apr2020_102X_mc2017_realistic_v8_ext1-v1/60000/4965DC46-F75F-9346-BC65-8B8564C866C6.root...
Have processed 4368683 events...
Processing root://cms-xrdr.private.lo:2094//xrd/store/mc/RunIIFall17NanoAODv7/WJetsToLNu_TuneCP5_13TeV-madgraphMLM-pythia8/NANOAODSIM/PU2017_12Apr2018_Nano02Apr2020_102X_mc2017_realistic_v8_ext1-v1/60000/52A600B5-00F3-0540-925D-58C54C0C1FDD.root...
Have processed 5251165 events...
Processing root://cms-xrdr.private.lo:2094//xrd/store/mc/RunIIFall17NanoAODv7/WJetsToLNu_TuneCP5_13TeV-madgraphMLM-pythia8/NANOAODSIM/PU2017_12Apr2018_Nano02Apr2020_102X_mc2017_realistic_v8_ext1-v1/60000/585BEC18-328A-754E-86CF-A4306FA20762.root...
Have processed 6849341 events...
Processing root://cms-xrdr.private.lo:2094//xrd/store/mc/RunIIFall17NanoAODv7/WJetsToLNu_TuneCP5_13TeV-madgraphMLM-pythia8/NANOAODSIM/PU2017_12Apr2018_Nano02Apr2020_102X_mc2017_realistic_v8_ext1-v1/60000/8C0082E8-D076-1049-AE21-840A950074EE.root...
Have processed 8276866 events...
Processing root://cms-xrdr.private.lo:2094//xrd/store/mc/RunIIFall17NanoAODv7/WJetsToLNu_TuneCP5_13TeV-madgraphMLM-pythia8/NANOAODSIM/PU2017_12Apr2018_Nano02Apr2020_102X_mc2017_realistic_v8_ext1-v1/60000/B91B16F9-9CA5-8C44-83FA-91D7A62B8718.root...
Have processed 8334015 events...
Processing root://cms-xrdr.private.lo:2094//xrd/store/mc/RunIIFall17NanoAODv7/WJetsToLNu_TuneCP5_13TeV-madgraphMLM-pythia8/NANOAODSIM/PU2017_12Apr2018_Nano02Apr2020_102X_mc2017_realistic_v8_ext1-v1/60000/BC394496-AE6D-E54D-A771-EF4B59FDC4FE.root...
Have processed 10190686 events...
Processing root://cms-xrdr.private.lo:2094//xrd/store/mc/RunIIFall17NanoAODv7/WJetsToLNu_TuneCP5_13TeV-madgraphMLM-pythia8/NANOAODSIM/PU2017_12Apr2018_Nano02Apr2020_102X_mc2017_realistic_v8_ext1-v1/60000/D66B6C01-29B6-6148-B0A1-0ECE3C5CAE07.root...
Have processed 11338209 events...
Processing root://cms-xrdr.private.lo:2094//xrd/store/mc/RunIIFall17NanoAODv7/WJetsToLNu_TuneCP5_13TeV-madgraphMLM-pythia8/NANOAODSIM/PU2017_12Apr2018_Nano02Apr2020_102X_mc2017_realistic_v8_ext1-v1/60000/EF6173A2-0663-4445-9B35-D75443BB7EEA.root...
Have processed 12926712 events...
Processing root://cms-xrdr.private.lo:2094//xrd/store/mc/RunIIFall17NanoAODv7/WJetsToLNu_TuneCP5_13TeV-madgraphMLM-pythia8/NANOAODSIM/PU2017_12Apr2018_Nano02Apr2020_102X_mc2017_realistic_v8_ext1-v1/60000/FFBF995F-CD36-A84C-8045-E1567BF5738A.root...
Have processed 14068446 events...
Have processed 11 files...
Have processed total 16277641 events...
Event number finally passed is 0...
genWeightSum is 1275053.0...
