Processing root://cms-xrdr.private.lo:2094//xrd/store/mc/RunIIFall17NanoAODv7/WJetsToLNu_HT-200To400_TuneCP5_13TeV-madgraphMLM-pythia8/NANOAODSIM/PU2017_12Apr2018_Nano02Apr2020_102X_mc2017_realistic_v8-v1/70000/0C4CE779-800E-314E-A943-D86AA7D76DD4.root...
Have processed 0 events...
Processing root://cms-xrdr.private.lo:2094//xrd/store/mc/RunIIFall17NanoAODv7/WJetsToLNu_HT-200To400_TuneCP5_13TeV-madgraphMLM-pythia8/NANOAODSIM/PU2017_12Apr2018_Nano02Apr2020_102X_mc2017_realistic_v8-v1/70000/10DDBD23-03EA-9F45-A8D2-B4D2750C097B.root...
Have processed 852441 events...
Processing root://cms-xrdr.private.lo:2094//xrd/store/mc/RunIIFall17NanoAODv7/WJetsToLNu_HT-200To400_TuneCP5_13TeV-madgraphMLM-pythia8/NANOAODSIM/PU2017_12Apr2018_Nano02Apr2020_102X_mc2017_realistic_v8-v1/70000/2B2D9691-65C8-E343-9A15-0159F9E5DB9E.root...
Have processed 2445120 events...
Processing root://cms-xrdr.private.lo:2094//xrd/store/mc/RunIIFall17NanoAODv7/WJetsToLNu_HT-200To400_TuneCP5_13TeV-madgraphMLM-pythia8/NANOAODSIM/PU2017_12Apr2018_Nano02Apr2020_102X_mc2017_realistic_v8-v1/70000/2BEAF01F-BD9A-024D-BE97-CE20D861542D.root...
Have processed 4072901 events...
Processing root://cms-xrdr.private.lo:2094//xrd/store/mc/RunIIFall17NanoAODv7/WJetsToLNu_HT-200To400_TuneCP5_13TeV-madgraphMLM-pythia8/NANOAODSIM/PU2017_12Apr2018_Nano02Apr2020_102X_mc2017_realistic_v8-v1/70000/3465A1AF-2019-F240-9C24-44EE28887A88.root...
Have processed 4918496 events...
Processing root://cms-xrdr.private.lo:2094//xrd/store/mc/RunIIFall17NanoAODv7/WJetsToLNu_HT-200To400_TuneCP5_13TeV-madgraphMLM-pythia8/NANOAODSIM/PU2017_12Apr2018_Nano02Apr2020_102X_mc2017_realistic_v8-v1/70000/4382CE95-97D1-1642-AE47-B69E4B819A93.root...
Have processed 6541449 events...
Processing root://cms-xrdr.private.lo:2094//xrd/store/mc/RunIIFall17NanoAODv7/WJetsToLNu_HT-200To400_TuneCP5_13TeV-madgraphMLM-pythia8/NANOAODSIM/PU2017_12Apr2018_Nano02Apr2020_102X_mc2017_realistic_v8-v1/70000/4B0009F1-C48A-D840-B015-315ACE9ADD3C.root...
Have processed 7335055 events...
Processing root://cms-xrdr.private.lo:2094//xrd/store/mc/RunIIFall17NanoAODv7/WJetsToLNu_HT-200To400_TuneCP5_13TeV-madgraphMLM-pythia8/NANOAODSIM/PU2017_12Apr2018_Nano02Apr2020_102X_mc2017_realistic_v8-v1/70000/5118E6AB-06B6-BC48-843D-E21960F0026D.root...
Have processed 8924126 events...
Processing root://cms-xrdr.private.lo:2094//xrd/store/mc/RunIIFall17NanoAODv7/WJetsToLNu_HT-200To400_TuneCP5_13TeV-madgraphMLM-pythia8/NANOAODSIM/PU2017_12Apr2018_Nano02Apr2020_102X_mc2017_realistic_v8-v1/70000/6BCDC9E3-FF34-C747-99C1-CB59E8AC2C06.root...
Have processed 9094919 events...
Processing root://cms-xrdr.private.lo:2094//xrd/store/mc/RunIIFall17NanoAODv7/WJetsToLNu_HT-200To400_TuneCP5_13TeV-madgraphMLM-pythia8/NANOAODSIM/PU2017_12Apr2018_Nano02Apr2020_102X_mc2017_realistic_v8-v1/70000/88DC6277-4F66-484A-B154-01A9941872CC.root...
Have processed 10070689 events...
Processing root://cms-xrdr.private.lo:2094//xrd/store/mc/RunIIFall17NanoAODv7/WJetsToLNu_HT-200To400_TuneCP5_13TeV-madgraphMLM-pythia8/NANOAODSIM/PU2017_12Apr2018_Nano02Apr2020_102X_mc2017_realistic_v8-v1/70000/8F7C6125-D0DF-A44A-B9D8-89ADCE800AF3.root...
Have processed 11659683 events...
Processing root://cms-xrdr.private.lo:2094//xrd/store/mc/RunIIFall17NanoAODv7/WJetsToLNu_HT-200To400_TuneCP5_13TeV-madgraphMLM-pythia8/NANOAODSIM/PU2017_12Apr2018_Nano02Apr2020_102X_mc2017_realistic_v8-v1/70000/A5AD4E99-E3D3-2A42-9D97-4E93AA8FB7EE.root...
Have processed 13282154 events...
Processing root://cms-xrdr.private.lo:2094//xrd/store/mc/RunIIFall17NanoAODv7/WJetsToLNu_HT-200To400_TuneCP5_13TeV-madgraphMLM-pythia8/NANOAODSIM/PU2017_12Apr2018_Nano02Apr2020_102X_mc2017_realistic_v8-v1/70000/A5DB93CB-1046-9C4C-A645-9953F2FB7E89.root...
Have processed 14871552 events...
Processing root://cms-xrdr.private.lo:2094//xrd/store/mc/RunIIFall17NanoAODv7/WJetsToLNu_HT-200To400_TuneCP5_13TeV-madgraphMLM-pythia8/NANOAODSIM/PU2017_12Apr2018_Nano02Apr2020_102X_mc2017_realistic_v8-v1/70000/B14210D8-534A-2B48-8050-42DBE702E1AE.root...
Have processed 15772055 events...
Processing root://cms-xrdr.private.lo:2094//xrd/store/mc/RunIIFall17NanoAODv7/WJetsToLNu_HT-200To400_TuneCP5_13TeV-madgraphMLM-pythia8/NANOAODSIM/PU2017_12Apr2018_Nano02Apr2020_102X_mc2017_realistic_v8-v1/70000/C7CC8B21-1479-AD4A-86E0-D13B2AEB7920.root...
Have processed 16785985 events...
Processing root://cms-xrdr.private.lo:2094//xrd/store/mc/RunIIFall17NanoAODv7/WJetsToLNu_HT-200To400_TuneCP5_13TeV-madgraphMLM-pythia8/NANOAODSIM/PU2017_12Apr2018_Nano02Apr2020_102X_mc2017_realistic_v8-v1/70000/CA51D561-BBBB-F847-A7C6-848996004157.root...
Have processed 17752468 events...
Processing root://cms-xrdr.private.lo:2094//xrd/store/mc/RunIIFall17NanoAODv7/WJetsToLNu_HT-200To400_TuneCP5_13TeV-madgraphMLM-pythia8/NANOAODSIM/PU2017_12Apr2018_Nano02Apr2020_102X_mc2017_realistic_v8-v1/70000/DC07D705-0542-7447-A2CA-5FABBE9AECA6.root...
Have processed 19342940 events...
Processing root://cms-xrdr.private.lo:2094//xrd/store/mc/RunIIFall17NanoAODv7/WJetsToLNu_HT-200To400_TuneCP5_13TeV-madgraphMLM-pythia8/NANOAODSIM/PU2017_12Apr2018_Nano02Apr2020_102X_mc2017_realistic_v8-v1/70000/EE3D4BA5-E40D-F444-A492-1A4F82D17EEF.root...
Have processed 20077482 events...
Have processed 18 files...
Have processed total 20994407 events...
Event number finally passed is 0...
genWeightSum is 3865507.0...
