Processing root://cms-xrdr.private.lo:2094//xrd/store/mc/RunIIFall17NanoAODv7/W2JetsToLNu_TuneCP5_13TeV-madgraphMLM-pythia8/NANOAODSIM/PU2017_12Apr2018_Nano02Apr2020_EXT_102X_mc2017_realistic_v8-v1/270000/2194FA75-2C78-584F-A0DF-C37028EF09A4.root...
Have processed 0 events...
Processing root://cms-xrdr.private.lo:2094//xrd/store/mc/RunIIFall17NanoAODv7/W2JetsToLNu_TuneCP5_13TeV-madgraphMLM-pythia8/NANOAODSIM/PU2017_12Apr2018_Nano02Apr2020_EXT_102X_mc2017_realistic_v8-v1/270000/22FAD861-F4B7-5347-B130-7E0CDFEE3272.root...
Have processed 1141456 events...
Processing root://cms-xrdr.private.lo:2094//xrd/store/mc/RunIIFall17NanoAODv7/W2JetsToLNu_TuneCP5_13TeV-madgraphMLM-pythia8/NANOAODSIM/PU2017_12Apr2018_Nano02Apr2020_EXT_102X_mc2017_realistic_v8-v1/270000/29B88C4C-7AC5-D340-AA94-4AC3BB7EBABA.root...
Have processed 3084728 events...
Processing root://cms-xrdr.private.lo:2094//xrd/store/mc/RunIIFall17NanoAODv7/W2JetsToLNu_TuneCP5_13TeV-madgraphMLM-pythia8/NANOAODSIM/PU2017_12Apr2018_Nano02Apr2020_EXT_102X_mc2017_realistic_v8-v1/270000/37F6101B-0D73-7246-BE33-902C76FEBA45.root...
Have processed 5030676 events...
Processing root://cms-xrdr.private.lo:2094//xrd/store/mc/RunIIFall17NanoAODv7/W2JetsToLNu_TuneCP5_13TeV-madgraphMLM-pythia8/NANOAODSIM/PU2017_12Apr2018_Nano02Apr2020_EXT_102X_mc2017_realistic_v8-v1/270000/6134AC95-36AE-6D4B-B99E-140223362B17.root...
Have processed 6336788 events...
Processing root://cms-xrdr.private.lo:2094//xrd/store/mc/RunIIFall17NanoAODv7/W2JetsToLNu_TuneCP5_13TeV-madgraphMLM-pythia8/NANOAODSIM/PU2017_12Apr2018_Nano02Apr2020_EXT_102X_mc2017_realistic_v8-v1/270000/7CA3AE88-1E64-4C4C-A9C0-21E1F1CAC2B6.root...
Have processed 8276044 events...
Processing root://cms-xrdr.private.lo:2094//xrd/store/mc/RunIIFall17NanoAODv7/W2JetsToLNu_TuneCP5_13TeV-madgraphMLM-pythia8/NANOAODSIM/PU2017_12Apr2018_Nano02Apr2020_EXT_102X_mc2017_realistic_v8-v1/270000/7E9CC132-D962-5E48-A407-14DF2CB73DEE.root...
Have processed 9129276 events...
Processing root://cms-xrdr.private.lo:2094//xrd/store/mc/RunIIFall17NanoAODv7/W2JetsToLNu_TuneCP5_13TeV-madgraphMLM-pythia8/NANOAODSIM/PU2017_12Apr2018_Nano02Apr2020_EXT_102X_mc2017_realistic_v8-v1/270000/82D04DF5-6F97-4649-A483-D9B886EFA645.root...
Have processed 11067470 events...
Processing root://cms-xrdr.private.lo:2094//xrd/store/mc/RunIIFall17NanoAODv7/W2JetsToLNu_TuneCP5_13TeV-madgraphMLM-pythia8/NANOAODSIM/PU2017_12Apr2018_Nano02Apr2020_EXT_102X_mc2017_realistic_v8-v1/270000/9C575BED-6ECD-D24E-BC82-340910E05177.root...
Have processed 12764838 events...
Processing root://cms-xrdr.private.lo:2094//xrd/store/mc/RunIIFall17NanoAODv7/W2JetsToLNu_TuneCP5_13TeV-madgraphMLM-pythia8/NANOAODSIM/PU2017_12Apr2018_Nano02Apr2020_EXT_102X_mc2017_realistic_v8-v1/270000/A1714C50-1F89-544A-8C72-30193379C3EC.root...
Have processed 14307112 events...
Processing root://cms-xrdr.private.lo:2094//xrd/store/mc/RunIIFall17NanoAODv7/W2JetsToLNu_TuneCP5_13TeV-madgraphMLM-pythia8/NANOAODSIM/PU2017_12Apr2018_Nano02Apr2020_EXT_102X_mc2017_realistic_v8-v1/270000/A1F72CB1-6B97-B74C-A247-FB3912001A91.root...
Have processed 14937079 events...
Processing root://cms-xrdr.private.lo:2094//xrd/store/mc/RunIIFall17NanoAODv7/W2JetsToLNu_TuneCP5_13TeV-madgraphMLM-pythia8/NANOAODSIM/PU2017_12Apr2018_Nano02Apr2020_EXT_102X_mc2017_realistic_v8-v1/270000/ABA39888-74A4-2D48-8D65-D94893A9D75D.root...
Have processed 15932413 events...
Processing root://cms-xrdr.private.lo:2094//xrd/store/mc/RunIIFall17NanoAODv7/W2JetsToLNu_TuneCP5_13TeV-madgraphMLM-pythia8/NANOAODSIM/PU2017_12Apr2018_Nano02Apr2020_EXT_102X_mc2017_realistic_v8-v1/270000/B06A1960-ACB5-D04A-9A11-C9256FC61D3B.root...
Have processed 17876140 events...
Processing root://cms-xrdr.private.lo:2094//xrd/store/mc/RunIIFall17NanoAODv7/W2JetsToLNu_TuneCP5_13TeV-madgraphMLM-pythia8/NANOAODSIM/PU2017_12Apr2018_Nano02Apr2020_EXT_102X_mc2017_realistic_v8-v1/270000/B2785B82-01CF-7F41-BA2B-47F8DA5D73F0.root...
Have processed 19818540 events...
Processing root://cms-xrdr.private.lo:2094//xrd/store/mc/RunIIFall17NanoAODv7/W2JetsToLNu_TuneCP5_13TeV-madgraphMLM-pythia8/NANOAODSIM/PU2017_12Apr2018_Nano02Apr2020_EXT_102X_mc2017_realistic_v8-v1/270000/DAE2B250-311C-B942-A500-B85B3B2CD266.root...
Have processed 21128709 events...
Processing root://cms-xrdr.private.lo:2094//xrd/store/mc/RunIIFall17NanoAODv7/W2JetsToLNu_TuneCP5_13TeV-madgraphMLM-pythia8/NANOAODSIM/PU2017_12Apr2018_Nano02Apr2020_EXT_102X_mc2017_realistic_v8-v1/270000/E62B2D88-C60E-7E40-B682-56700BA0C456.root...
Have processed 22862257 events...
Processing root://cms-xrdr.private.lo:2094//xrd/store/mc/RunIIFall17NanoAODv7/W2JetsToLNu_TuneCP5_13TeV-madgraphMLM-pythia8/NANOAODSIM/PU2017_12Apr2018_Nano02Apr2020_EXT_102X_mc2017_realistic_v8-v1/270000/EA2ED829-382D-224B-BA35-0138E00C89CE.root...
Have processed 24802562 events...
Processing root://cms-xrdr.private.lo:2094//xrd/store/mc/RunIIFall17NanoAODv7/W2JetsToLNu_TuneCP5_13TeV-madgraphMLM-pythia8/NANOAODSIM/PU2017_12Apr2018_Nano02Apr2020_EXT_102X_mc2017_realistic_v8-v1/270000/F8109678-AF91-6341-ACDB-2F78A7C5D376.root...
Have processed 26749039 events...
Have processed 18 files...
Have processed total 28694827 events...
Event number finally passed is 0...
genWeightSum is 4096617.0...
